2025-10-10 18:31:39 [::1][-][466ehsh5s6l6iparneqgn0ltop][error][yii\base\UnknownPropertyException] yii\base\UnknownPropertyException: Getting unknown property: app\models\User::password_repeat in C:\xampp\htdocs\basic\vendor\yiisoft\yii2\base\Component.php:154
Stack trace:
#0 C:\xampp\htdocs\basic\vendor\yiisoft\yii2\db\BaseActiveRecord.php(296): yii\base\Component->__get('password_repeat')
#1 C:\xampp\htdocs\basic\vendor\yiisoft\yii2\helpers\BaseHtml.php(2296): yii\db\BaseActiveRecord->__get('password_repeat')
#2 C:\xampp\htdocs\basic\vendor\yiisoft\yii2\helpers\BaseHtml.php(1388): yii\helpers\BaseHtml::getAttributeValue(Object(app\models\User), 'password_repeat')
#3 C:\xampp\htdocs\basic\vendor\yiisoft\yii2\helpers\BaseHtml.php(1505): yii\helpers\BaseHtml::activeInput('password', Object(app\models\User), 'password_repeat', Array)
#4 C:\xampp\htdocs\basic\vendor\yiisoft\yii2\widgets\ActiveField.php(460): yii\helpers\BaseHtml::activePasswordInput(Object(app\models\User), 'password_repeat', Array)
#5 C:\xampp\htdocs\basic\views\site\signup.php(33): yii\widgets\ActiveField->passwordInput()
#6 C:\xampp\htdocs\basic\vendor\yiisoft\yii2\base\View.php(348): require('C:\\xampp\\htdocs...')
#7 C:\xampp\htdocs\basic\vendor\yiisoft\yii2\base\View.php(258): yii\base\View->renderPhpFile('C:\\xampp\\htdocs...', Array)
#8 C:\xampp\htdocs\basic\vendor\yiisoft\yii2\base\View.php(157): yii\base\View->renderFile('C:\\xampp\\htdocs...', Array, Object(app\controllers\SiteController))
#9 C:\xampp\htdocs\basic\vendor\yiisoft\yii2\base\Controller.php(413): yii\base\View->render('signup', Array, Object(app\controllers\SiteController))
#10 C:\xampp\htdocs\basic\controllers\SiteController.php(57): yii\base\Controller->render('signup', Array)
#11 [internal function]: app\controllers\SiteController->actionSignup()
#12 C:\xampp\htdocs\basic\vendor\yiisoft\yii2\base\InlineAction.php(60): call_user_func_array(Array, Array)
#13 C:\xampp\htdocs\basic\vendor\yiisoft\yii2\base\Controller.php(184): yii\base\InlineAction->runWithParams(Array)
#14 C:\xampp\htdocs\basic\vendor\yiisoft\yii2\base\Module.php(555): yii\base\Controller->runAction('signup', Array)
#15 C:\xampp\htdocs\basic\vendor\yiisoft\yii2\web\Application.php(103): yii\base\Module->runAction('site/signup', Array)
#16 C:\xampp\htdocs\basic\vendor\yiisoft\yii2\base\Application.php(387): yii\web\Application->handleRequest(Object(yii\web\Request))
#17 C:\xampp\htdocs\basic\web\index.php(12): yii\base\Application->run()
#18 {main}
2025-10-10 18:31:39 [::1][-][466ehsh5s6l6iparneqgn0ltop][info][application] $_GET = [
    'r' => 'site/signup'
]

$_POST = []

$_FILES = []

$_COOKIE = [
    '_csrf' => '5f36d5aea4239d276ca4e4d5fe346d727d08513ac4da3c461043ab727a244e22a:2:{i:0;s:5:\"_csrf\";i:1;s:32:\"_6RPXN5Zf5s_bwjhgGIMyM7_dfxebO9O\";}'
    'PHPSESSID' => '466ehsh5s6l6iparneqgn0ltop'
]

$_SESSION = [
    '__flash' => []
]

$_SERVER = [
    'MIBDIRS' => 'C:/xampp/php/extras/mibs'
    'MYSQL_HOME' => '\\xampp\\mysql\\bin'
    'OPENSSL_CONF' => 'C:/xampp/apache/bin/openssl.cnf'
    'PHP_PEAR_SYSCONF_DIR' => '\\xampp\\php'
    'PHPRC' => '\\xampp\\php'
    'TMP' => '\\xampp\\tmp'
    'HTTP_HOST' => 'localhost'
    'HTTP_CONNECTION' => 'keep-alive'
    'HTTP_SEC_CH_UA' => '\"Google Chrome\";v=\"141\", \"Not?A_Brand\";v=\"8\", \"Chromium\";v=\"141\"'
    'HTTP_SEC_CH_UA_MOBILE' => '?0'
    'HTTP_SEC_CH_UA_PLATFORM' => '\"Windows\"'
    'HTTP_UPGRADE_INSECURE_REQUESTS' => '1'
    'HTTP_USER_AGENT' => 'Mozilla/5.0 (Windows NT 10.0; Win64; x64) AppleWebKit/537.36 (KHTML, like Gecko) Chrome/141.0.0.0 Safari/537.36'
    'HTTP_ACCEPT' => 'text/html,application/xhtml+xml,application/xml;q=0.9,image/avif,image/webp,image/apng,*/*;q=0.8,application/signed-exchange;v=b3;q=0.7'
    'HTTP_SEC_FETCH_SITE' => 'same-origin'
    'HTTP_SEC_FETCH_MODE' => 'navigate'
    'HTTP_SEC_FETCH_USER' => '?1'
    'HTTP_SEC_FETCH_DEST' => 'document'
    'HTTP_REFERER' => 'http://localhost/basic/web/index.php?r=site%2Flogin'
    'HTTP_ACCEPT_ENCODING' => 'gzip, deflate, br, zstd'
    'HTTP_ACCEPT_LANGUAGE' => 'ru-RU,ru;q=0.9,en-US;q=0.8,en;q=0.7'
    'HTTP_COOKIE' => '_csrf=5f36d5aea4239d276ca4e4d5fe346d727d08513ac4da3c461043ab727a244e22a%3A2%3A%7Bi%3A0%3Bs%3A5%3A%22_csrf%22%3Bi%3A1%3Bs%3A32%3A%22_6RPXN5Zf5s_bwjhgGIMyM7_dfxebO9O%22%3B%7D; PHPSESSID=466ehsh5s6l6iparneqgn0ltop'
    'PATH' => 'C:\\Program Files (x86)\\Common Files\\Oracle\\Java\\java8path;C:\\Program Files (x86)\\Common Files\\Oracle\\Java\\javapath;C:\\WINDOWS\\system32;C:\\WINDOWS;C:\\WINDOWS\\System32\\Wbem;C:\\WINDOWS\\System32\\WindowsPowerShell\\v1.0\\;C:\\WINDOWS\\System32\\OpenSSH\\;C:\\Program Files (x86)\\NVIDIA Corporation\\PhysX\\Common;C:\\Users\\kiril\\AppData\\Local\\Microsoft\\WindowsApps;;C:\\Program Files\\JetBrains\\PhpStorm 2024.2.4\\bin;'
    'SystemRoot' => 'C:\\WINDOWS'
    'COMSPEC' => 'C:\\WINDOWS\\system32\\cmd.exe'
    'PATHEXT' => '.COM;.EXE;.BAT;.CMD;.VBS;.VBE;.JS;.JSE;.WSF;.WSH;.MSC'
    'WINDIR' => 'C:\\WINDOWS'
    'SERVER_SIGNATURE' => '<address>Apache/2.4.58 (Win64) OpenSSL/3.1.3 PHP/8.2.12 Server at localhost Port 80</address>
'
    'SERVER_SOFTWARE' => 'Apache/2.4.58 (Win64) OpenSSL/3.1.3 PHP/8.2.12'
    'SERVER_NAME' => 'localhost'
    'SERVER_ADDR' => '::1'
    'SERVER_PORT' => '80'
    'REMOTE_ADDR' => '::1'
    'DOCUMENT_ROOT' => 'C:/xampp/htdocs'
    'REQUEST_SCHEME' => 'http'
    'CONTEXT_PREFIX' => ''
    'CONTEXT_DOCUMENT_ROOT' => 'C:/xampp/htdocs'
    'SERVER_ADMIN' => 'postmaster@localhost'
    'SCRIPT_FILENAME' => 'C:/xampp/htdocs/basic/web/index.php'
    'REMOTE_PORT' => '62960'
    'GATEWAY_INTERFACE' => 'CGI/1.1'
    'SERVER_PROTOCOL' => 'HTTP/1.1'
    'REQUEST_METHOD' => 'GET'
    'QUERY_STRING' => 'r=site%2Fsignup'
    'REQUEST_URI' => '/basic/web/index.php?r=site%2Fsignup'
    'SCRIPT_NAME' => '/basic/web/index.php'
    'PHP_SELF' => '/basic/web/index.php'
    'REQUEST_TIME_FLOAT' => 1760113899.4249
    'REQUEST_TIME' => 1760113899
]
2025-10-10 18:45:27 [::1][-][466ehsh5s6l6iparneqgn0ltop][error][Error] Error: Class "app\models\SignupForm" not found in C:\xampp\htdocs\basic\controllers\SiteController.php:38
Stack trace:
#0 [internal function]: app\controllers\SiteController->actionSignup()
#1 C:\xampp\htdocs\basic\vendor\yiisoft\yii2\base\InlineAction.php(60): call_user_func_array(Array, Array)
#2 C:\xampp\htdocs\basic\vendor\yiisoft\yii2\base\Controller.php(184): yii\base\InlineAction->runWithParams(Array)
#3 C:\xampp\htdocs\basic\vendor\yiisoft\yii2\base\Module.php(555): yii\base\Controller->runAction('signup', Array)
#4 C:\xampp\htdocs\basic\vendor\yiisoft\yii2\web\Application.php(103): yii\base\Module->runAction('site/signup', Array)
#5 C:\xampp\htdocs\basic\vendor\yiisoft\yii2\base\Application.php(387): yii\web\Application->handleRequest(Object(yii\web\Request))
#6 C:\xampp\htdocs\basic\web\index.php(12): yii\base\Application->run()
#7 {main}
2025-10-10 18:45:27 [::1][-][466ehsh5s6l6iparneqgn0ltop][info][application] $_GET = [
    'r' => 'site/signup'
]

$_POST = []

$_FILES = []

$_COOKIE = [
    '_csrf' => '5f36d5aea4239d276ca4e4d5fe346d727d08513ac4da3c461043ab727a244e22a:2:{i:0;s:5:\"_csrf\";i:1;s:32:\"_6RPXN5Zf5s_bwjhgGIMyM7_dfxebO9O\";}'
    'PHPSESSID' => '466ehsh5s6l6iparneqgn0ltop'
]

$_SESSION = [
    '__flash' => []
]

$_SERVER = [
    'MIBDIRS' => 'C:/xampp/php/extras/mibs'
    'MYSQL_HOME' => '\\xampp\\mysql\\bin'
    'OPENSSL_CONF' => 'C:/xampp/apache/bin/openssl.cnf'
    'PHP_PEAR_SYSCONF_DIR' => '\\xampp\\php'
    'PHPRC' => '\\xampp\\php'
    'TMP' => '\\xampp\\tmp'
    'HTTP_HOST' => 'localhost'
    'HTTP_CONNECTION' => 'keep-alive'
    'HTTP_CACHE_CONTROL' => 'max-age=0'
    'HTTP_SEC_CH_UA' => '\"Google Chrome\";v=\"141\", \"Not?A_Brand\";v=\"8\", \"Chromium\";v=\"141\"'
    'HTTP_SEC_CH_UA_MOBILE' => '?0'
    'HTTP_SEC_CH_UA_PLATFORM' => '\"Windows\"'
    'HTTP_UPGRADE_INSECURE_REQUESTS' => '1'
    'HTTP_USER_AGENT' => 'Mozilla/5.0 (Windows NT 10.0; Win64; x64) AppleWebKit/537.36 (KHTML, like Gecko) Chrome/141.0.0.0 Safari/537.36'
    'HTTP_ACCEPT' => 'text/html,application/xhtml+xml,application/xml;q=0.9,image/avif,image/webp,image/apng,*/*;q=0.8,application/signed-exchange;v=b3;q=0.7'
    'HTTP_SEC_FETCH_SITE' => 'same-origin'
    'HTTP_SEC_FETCH_MODE' => 'navigate'
    'HTTP_SEC_FETCH_USER' => '?1'
    'HTTP_SEC_FETCH_DEST' => 'document'
    'HTTP_REFERER' => 'http://localhost/basic/web/index.php?r=site%2Flogin'
    'HTTP_ACCEPT_ENCODING' => 'gzip, deflate, br, zstd'
    'HTTP_ACCEPT_LANGUAGE' => 'ru-RU,ru;q=0.9,en-US;q=0.8,en;q=0.7'
    'HTTP_COOKIE' => '_csrf=5f36d5aea4239d276ca4e4d5fe346d727d08513ac4da3c461043ab727a244e22a%3A2%3A%7Bi%3A0%3Bs%3A5%3A%22_csrf%22%3Bi%3A1%3Bs%3A32%3A%22_6RPXN5Zf5s_bwjhgGIMyM7_dfxebO9O%22%3B%7D; PHPSESSID=466ehsh5s6l6iparneqgn0ltop'
    'PATH' => 'C:\\Program Files (x86)\\Common Files\\Oracle\\Java\\java8path;C:\\Program Files (x86)\\Common Files\\Oracle\\Java\\javapath;C:\\WINDOWS\\system32;C:\\WINDOWS;C:\\WINDOWS\\System32\\Wbem;C:\\WINDOWS\\System32\\WindowsPowerShell\\v1.0\\;C:\\WINDOWS\\System32\\OpenSSH\\;C:\\Program Files (x86)\\NVIDIA Corporation\\PhysX\\Common;C:\\Users\\kiril\\AppData\\Local\\Microsoft\\WindowsApps;;C:\\Program Files\\JetBrains\\PhpStorm 2024.2.4\\bin;'
    'SystemRoot' => 'C:\\WINDOWS'
    'COMSPEC' => 'C:\\WINDOWS\\system32\\cmd.exe'
    'PATHEXT' => '.COM;.EXE;.BAT;.CMD;.VBS;.VBE;.JS;.JSE;.WSF;.WSH;.MSC'
    'WINDIR' => 'C:\\WINDOWS'
    'SERVER_SIGNATURE' => '<address>Apache/2.4.58 (Win64) OpenSSL/3.1.3 PHP/8.2.12 Server at localhost Port 80</address>
'
    'SERVER_SOFTWARE' => 'Apache/2.4.58 (Win64) OpenSSL/3.1.3 PHP/8.2.12'
    'SERVER_NAME' => 'localhost'
    'SERVER_ADDR' => '::1'
    'SERVER_PORT' => '80'
    'REMOTE_ADDR' => '::1'
    'DOCUMENT_ROOT' => 'C:/xampp/htdocs'
    'REQUEST_SCHEME' => 'http'
    'CONTEXT_PREFIX' => ''
    'CONTEXT_DOCUMENT_ROOT' => 'C:/xampp/htdocs'
    'SERVER_ADMIN' => 'postmaster@localhost'
    'SCRIPT_FILENAME' => 'C:/xampp/htdocs/basic/web/index.php'
    'REMOTE_PORT' => '62524'
    'GATEWAY_INTERFACE' => 'CGI/1.1'
    'SERVER_PROTOCOL' => 'HTTP/1.1'
    'REQUEST_METHOD' => 'GET'
    'QUERY_STRING' => 'r=site%2Fsignup'
    'REQUEST_URI' => '/basic/web/index.php?r=site%2Fsignup'
    'SCRIPT_NAME' => '/basic/web/index.php'
    'PHP_SELF' => '/basic/web/index.php'
    'REQUEST_TIME_FLOAT' => 1760114727.7348
    'REQUEST_TIME' => 1760114727
]
2025-10-10 18:45:33 [::1][-][466ehsh5s6l6iparneqgn0ltop][error][Error] Error: Class "app\models\SignupForm" not found in C:\xampp\htdocs\basic\controllers\SiteController.php:38
Stack trace:
#0 [internal function]: app\controllers\SiteController->actionSignup()
#1 C:\xampp\htdocs\basic\vendor\yiisoft\yii2\base\InlineAction.php(60): call_user_func_array(Array, Array)
#2 C:\xampp\htdocs\basic\vendor\yiisoft\yii2\base\Controller.php(184): yii\base\InlineAction->runWithParams(Array)
#3 C:\xampp\htdocs\basic\vendor\yiisoft\yii2\base\Module.php(555): yii\base\Controller->runAction('signup', Array)
#4 C:\xampp\htdocs\basic\vendor\yiisoft\yii2\web\Application.php(103): yii\base\Module->runAction('site/signup', Array)
#5 C:\xampp\htdocs\basic\vendor\yiisoft\yii2\base\Application.php(387): yii\web\Application->handleRequest(Object(yii\web\Request))
#6 C:\xampp\htdocs\basic\web\index.php(12): yii\base\Application->run()
#7 {main}
2025-10-10 18:45:33 [::1][-][466ehsh5s6l6iparneqgn0ltop][info][application] $_GET = [
    'r' => 'site/signup'
]

$_POST = []

$_FILES = []

$_COOKIE = [
    '_csrf' => '5f36d5aea4239d276ca4e4d5fe346d727d08513ac4da3c461043ab727a244e22a:2:{i:0;s:5:\"_csrf\";i:1;s:32:\"_6RPXN5Zf5s_bwjhgGIMyM7_dfxebO9O\";}'
    'PHPSESSID' => '466ehsh5s6l6iparneqgn0ltop'
]

$_SESSION = [
    '__flash' => []
]

$_SERVER = [
    'MIBDIRS' => 'C:/xampp/php/extras/mibs'
    'MYSQL_HOME' => '\\xampp\\mysql\\bin'
    'OPENSSL_CONF' => 'C:/xampp/apache/bin/openssl.cnf'
    'PHP_PEAR_SYSCONF_DIR' => '\\xampp\\php'
    'PHPRC' => '\\xampp\\php'
    'TMP' => '\\xampp\\tmp'
    'HTTP_HOST' => 'localhost'
    'HTTP_CONNECTION' => 'keep-alive'
    'HTTP_SEC_CH_UA' => '\"Google Chrome\";v=\"141\", \"Not?A_Brand\";v=\"8\", \"Chromium\";v=\"141\"'
    'HTTP_SEC_CH_UA_MOBILE' => '?0'
    'HTTP_SEC_CH_UA_PLATFORM' => '\"Windows\"'
    'HTTP_UPGRADE_INSECURE_REQUESTS' => '1'
    'HTTP_USER_AGENT' => 'Mozilla/5.0 (Windows NT 10.0; Win64; x64) AppleWebKit/537.36 (KHTML, like Gecko) Chrome/141.0.0.0 Safari/537.36'
    'HTTP_ACCEPT' => 'text/html,application/xhtml+xml,application/xml;q=0.9,image/avif,image/webp,image/apng,*/*;q=0.8,application/signed-exchange;v=b3;q=0.7'
    'HTTP_SEC_FETCH_SITE' => 'same-origin'
    'HTTP_SEC_FETCH_MODE' => 'navigate'
    'HTTP_SEC_FETCH_USER' => '?1'
    'HTTP_SEC_FETCH_DEST' => 'document'
    'HTTP_REFERER' => 'http://localhost/basic/web/index.php?r=site%2Flogin'
    'HTTP_ACCEPT_ENCODING' => 'gzip, deflate, br, zstd'
    'HTTP_ACCEPT_LANGUAGE' => 'ru-RU,ru;q=0.9,en-US;q=0.8,en;q=0.7'
    'HTTP_COOKIE' => '_csrf=5f36d5aea4239d276ca4e4d5fe346d727d08513ac4da3c461043ab727a244e22a%3A2%3A%7Bi%3A0%3Bs%3A5%3A%22_csrf%22%3Bi%3A1%3Bs%3A32%3A%22_6RPXN5Zf5s_bwjhgGIMyM7_dfxebO9O%22%3B%7D; PHPSESSID=466ehsh5s6l6iparneqgn0ltop'
    'PATH' => 'C:\\Program Files (x86)\\Common Files\\Oracle\\Java\\java8path;C:\\Program Files (x86)\\Common Files\\Oracle\\Java\\javapath;C:\\WINDOWS\\system32;C:\\WINDOWS;C:\\WINDOWS\\System32\\Wbem;C:\\WINDOWS\\System32\\WindowsPowerShell\\v1.0\\;C:\\WINDOWS\\System32\\OpenSSH\\;C:\\Program Files (x86)\\NVIDIA Corporation\\PhysX\\Common;C:\\Users\\kiril\\AppData\\Local\\Microsoft\\WindowsApps;;C:\\Program Files\\JetBrains\\PhpStorm 2024.2.4\\bin;'
    'SystemRoot' => 'C:\\WINDOWS'
    'COMSPEC' => 'C:\\WINDOWS\\system32\\cmd.exe'
    'PATHEXT' => '.COM;.EXE;.BAT;.CMD;.VBS;.VBE;.JS;.JSE;.WSF;.WSH;.MSC'
    'WINDIR' => 'C:\\WINDOWS'
    'SERVER_SIGNATURE' => '<address>Apache/2.4.58 (Win64) OpenSSL/3.1.3 PHP/8.2.12 Server at localhost Port 80</address>
'
    'SERVER_SOFTWARE' => 'Apache/2.4.58 (Win64) OpenSSL/3.1.3 PHP/8.2.12'
    'SERVER_NAME' => 'localhost'
    'SERVER_ADDR' => '::1'
    'SERVER_PORT' => '80'
    'REMOTE_ADDR' => '::1'
    'DOCUMENT_ROOT' => 'C:/xampp/htdocs'
    'REQUEST_SCHEME' => 'http'
    'CONTEXT_PREFIX' => ''
    'CONTEXT_DOCUMENT_ROOT' => 'C:/xampp/htdocs'
    'SERVER_ADMIN' => 'postmaster@localhost'
    'SCRIPT_FILENAME' => 'C:/xampp/htdocs/basic/web/index.php'
    'REMOTE_PORT' => '65038'
    'GATEWAY_INTERFACE' => 'CGI/1.1'
    'SERVER_PROTOCOL' => 'HTTP/1.1'
    'REQUEST_METHOD' => 'GET'
    'QUERY_STRING' => 'r=site%2Fsignup'
    'REQUEST_URI' => '/basic/web/index.php?r=site%2Fsignup'
    'SCRIPT_NAME' => '/basic/web/index.php'
    'PHP_SELF' => '/basic/web/index.php'
    'REQUEST_TIME_FLOAT' => 1760114733.4891
    'REQUEST_TIME' => 1760114733
]
2025-10-10 18:46:05 [::1][-][466ehsh5s6l6iparneqgn0ltop][error][Error] Error: Class "app\models\SignupForm" not found in C:\xampp\htdocs\basic\controllers\SiteController.php:38
Stack trace:
#0 [internal function]: app\controllers\SiteController->actionSignup()
#1 C:\xampp\htdocs\basic\vendor\yiisoft\yii2\base\InlineAction.php(60): call_user_func_array(Array, Array)
#2 C:\xampp\htdocs\basic\vendor\yiisoft\yii2\base\Controller.php(184): yii\base\InlineAction->runWithParams(Array)
#3 C:\xampp\htdocs\basic\vendor\yiisoft\yii2\base\Module.php(555): yii\base\Controller->runAction('signup', Array)
#4 C:\xampp\htdocs\basic\vendor\yiisoft\yii2\web\Application.php(103): yii\base\Module->runAction('site/signup', Array)
#5 C:\xampp\htdocs\basic\vendor\yiisoft\yii2\base\Application.php(387): yii\web\Application->handleRequest(Object(yii\web\Request))
#6 C:\xampp\htdocs\basic\web\index.php(12): yii\base\Application->run()
#7 {main}
2025-10-10 18:46:05 [::1][-][466ehsh5s6l6iparneqgn0ltop][info][application] $_GET = [
    'r' => 'site/signup'
]

$_POST = []

$_FILES = []

$_COOKIE = [
    '_csrf' => '5f36d5aea4239d276ca4e4d5fe346d727d08513ac4da3c461043ab727a244e22a:2:{i:0;s:5:\"_csrf\";i:1;s:32:\"_6RPXN5Zf5s_bwjhgGIMyM7_dfxebO9O\";}'
    'PHPSESSID' => '466ehsh5s6l6iparneqgn0ltop'
]

$_SESSION = [
    '__flash' => []
]

$_SERVER = [
    'MIBDIRS' => 'C:/xampp/php/extras/mibs'
    'MYSQL_HOME' => '\\xampp\\mysql\\bin'
    'OPENSSL_CONF' => 'C:/xampp/apache/bin/openssl.cnf'
    'PHP_PEAR_SYSCONF_DIR' => '\\xampp\\php'
    'PHPRC' => '\\xampp\\php'
    'TMP' => '\\xampp\\tmp'
    'HTTP_HOST' => 'localhost'
    'HTTP_CONNECTION' => 'keep-alive'
    'HTTP_SEC_CH_UA' => '\"Google Chrome\";v=\"141\", \"Not?A_Brand\";v=\"8\", \"Chromium\";v=\"141\"'
    'HTTP_SEC_CH_UA_MOBILE' => '?0'
    'HTTP_SEC_CH_UA_PLATFORM' => '\"Windows\"'
    'HTTP_UPGRADE_INSECURE_REQUESTS' => '1'
    'HTTP_USER_AGENT' => 'Mozilla/5.0 (Windows NT 10.0; Win64; x64) AppleWebKit/537.36 (KHTML, like Gecko) Chrome/141.0.0.0 Safari/537.36'
    'HTTP_ACCEPT' => 'text/html,application/xhtml+xml,application/xml;q=0.9,image/avif,image/webp,image/apng,*/*;q=0.8,application/signed-exchange;v=b3;q=0.7'
    'HTTP_SEC_FETCH_SITE' => 'same-origin'
    'HTTP_SEC_FETCH_MODE' => 'navigate'
    'HTTP_SEC_FETCH_USER' => '?1'
    'HTTP_SEC_FETCH_DEST' => 'document'
    'HTTP_REFERER' => 'http://localhost/basic/web/index.php?r=site%2Flogin'
    'HTTP_ACCEPT_ENCODING' => 'gzip, deflate, br, zstd'
    'HTTP_ACCEPT_LANGUAGE' => 'ru-RU,ru;q=0.9,en-US;q=0.8,en;q=0.7'
    'HTTP_COOKIE' => '_csrf=5f36d5aea4239d276ca4e4d5fe346d727d08513ac4da3c461043ab727a244e22a%3A2%3A%7Bi%3A0%3Bs%3A5%3A%22_csrf%22%3Bi%3A1%3Bs%3A32%3A%22_6RPXN5Zf5s_bwjhgGIMyM7_dfxebO9O%22%3B%7D; PHPSESSID=466ehsh5s6l6iparneqgn0ltop'
    'PATH' => 'C:\\Program Files (x86)\\Common Files\\Oracle\\Java\\java8path;C:\\Program Files (x86)\\Common Files\\Oracle\\Java\\javapath;C:\\WINDOWS\\system32;C:\\WINDOWS;C:\\WINDOWS\\System32\\Wbem;C:\\WINDOWS\\System32\\WindowsPowerShell\\v1.0\\;C:\\WINDOWS\\System32\\OpenSSH\\;C:\\Program Files (x86)\\NVIDIA Corporation\\PhysX\\Common;C:\\Users\\kiril\\AppData\\Local\\Microsoft\\WindowsApps;;C:\\Program Files\\JetBrains\\PhpStorm 2024.2.4\\bin;'
    'SystemRoot' => 'C:\\WINDOWS'
    'COMSPEC' => 'C:\\WINDOWS\\system32\\cmd.exe'
    'PATHEXT' => '.COM;.EXE;.BAT;.CMD;.VBS;.VBE;.JS;.JSE;.WSF;.WSH;.MSC'
    'WINDIR' => 'C:\\WINDOWS'
    'SERVER_SIGNATURE' => '<address>Apache/2.4.58 (Win64) OpenSSL/3.1.3 PHP/8.2.12 Server at localhost Port 80</address>
'
    'SERVER_SOFTWARE' => 'Apache/2.4.58 (Win64) OpenSSL/3.1.3 PHP/8.2.12'
    'SERVER_NAME' => 'localhost'
    'SERVER_ADDR' => '::1'
    'SERVER_PORT' => '80'
    'REMOTE_ADDR' => '::1'
    'DOCUMENT_ROOT' => 'C:/xampp/htdocs'
    'REQUEST_SCHEME' => 'http'
    'CONTEXT_PREFIX' => ''
    'CONTEXT_DOCUMENT_ROOT' => 'C:/xampp/htdocs'
    'SERVER_ADMIN' => 'postmaster@localhost'
    'SCRIPT_FILENAME' => 'C:/xampp/htdocs/basic/web/index.php'
    'REMOTE_PORT' => '55685'
    'GATEWAY_INTERFACE' => 'CGI/1.1'
    'SERVER_PROTOCOL' => 'HTTP/1.1'
    'REQUEST_METHOD' => 'GET'
    'QUERY_STRING' => 'r=site%2Fsignup'
    'REQUEST_URI' => '/basic/web/index.php?r=site%2Fsignup'
    'SCRIPT_NAME' => '/basic/web/index.php'
    'PHP_SELF' => '/basic/web/index.php'
    'REQUEST_TIME_FLOAT' => 1760114765.1991
    'REQUEST_TIME' => 1760114765
]
2025-10-10 19:17:29 [::1][-][-][error][yii\web\HttpException:404] yii\base\InvalidRouteException: Unable to resolve the request: site/about in C:\xampp\htdocs\basic\vendor\yiisoft\yii2\base\Controller.php:155
Stack trace:
#0 C:\xampp\htdocs\basic\vendor\yiisoft\yii2\base\Module.php(555): yii\base\Controller->runAction('about', Array)
#1 C:\xampp\htdocs\basic\vendor\yiisoft\yii2\web\Application.php(103): yii\base\Module->runAction('site/about', Array)
#2 C:\xampp\htdocs\basic\vendor\yiisoft\yii2\base\Application.php(387): yii\web\Application->handleRequest(Object(yii\web\Request))
#3 C:\xampp\htdocs\basic\web\index.php(12): yii\base\Application->run()
#4 {main}

Next yii\web\NotFoundHttpException: Page not found. in C:\xampp\htdocs\basic\vendor\yiisoft\yii2\web\Application.php:115
Stack trace:
#0 C:\xampp\htdocs\basic\vendor\yiisoft\yii2\base\Application.php(387): yii\web\Application->handleRequest(Object(yii\web\Request))
#1 C:\xampp\htdocs\basic\web\index.php(12): yii\base\Application->run()
#2 {main}
2025-10-10 19:17:29 [::1][-][-][info][application] $_GET = [
    'r' => 'site/about'
]

$_POST = []

$_FILES = []

$_COOKIE = [
    '_csrf' => '5af4af1b1a855e1560c1fc9610a3a8c61a5a76dceb34ea667249a45a2f4de347a:2:{i:0;s:5:\"_csrf\";i:1;s:32:\"MNWrhp69M9WBIazkN77AGZXbBQ1n2eVX\";}'
    'PHPSESSID' => 'kil3jb2010uh4dpu4bem5eb6pb'
]

$_SESSION = [
    '__flash' => []
]

$_SERVER = [
    'MIBDIRS' => 'C:/xampp/php/extras/mibs'
    'MYSQL_HOME' => '\\xampp\\mysql\\bin'
    'OPENSSL_CONF' => 'C:/xampp/apache/bin/openssl.cnf'
    'PHP_PEAR_SYSCONF_DIR' => '\\xampp\\php'
    'PHPRC' => '\\xampp\\php'
    'TMP' => '\\xampp\\tmp'
    'HTTP_HOST' => 'localhost'
    'HTTP_CONNECTION' => 'keep-alive'
    'HTTP_SEC_CH_UA' => '\"Google Chrome\";v=\"141\", \"Not?A_Brand\";v=\"8\", \"Chromium\";v=\"141\"'
    'HTTP_SEC_CH_UA_MOBILE' => '?0'
    'HTTP_SEC_CH_UA_PLATFORM' => '\"Windows\"'
    'HTTP_UPGRADE_INSECURE_REQUESTS' => '1'
    'HTTP_USER_AGENT' => 'Mozilla/5.0 (Windows NT 10.0; Win64; x64) AppleWebKit/537.36 (KHTML, like Gecko) Chrome/141.0.0.0 Safari/537.36'
    'HTTP_ACCEPT' => 'text/html,application/xhtml+xml,application/xml;q=0.9,image/avif,image/webp,image/apng,*/*;q=0.8,application/signed-exchange;v=b3;q=0.7'
    'HTTP_SEC_FETCH_SITE' => 'same-origin'
    'HTTP_SEC_FETCH_MODE' => 'navigate'
    'HTTP_SEC_FETCH_USER' => '?1'
    'HTTP_SEC_FETCH_DEST' => 'document'
    'HTTP_REFERER' => 'http://localhost/basic/web/index.php'
    'HTTP_ACCEPT_ENCODING' => 'gzip, deflate, br, zstd'
    'HTTP_ACCEPT_LANGUAGE' => 'ru-RU,ru;q=0.9,en-US;q=0.8,en;q=0.7'
    'HTTP_COOKIE' => '_csrf=5af4af1b1a855e1560c1fc9610a3a8c61a5a76dceb34ea667249a45a2f4de347a%3A2%3A%7Bi%3A0%3Bs%3A5%3A%22_csrf%22%3Bi%3A1%3Bs%3A32%3A%22MNWrhp69M9WBIazkN77AGZXbBQ1n2eVX%22%3B%7D; PHPSESSID=kil3jb2010uh4dpu4bem5eb6pb'
    'PATH' => 'C:\\Program Files (x86)\\Common Files\\Oracle\\Java\\java8path;C:\\Program Files (x86)\\Common Files\\Oracle\\Java\\javapath;C:\\WINDOWS\\system32;C:\\WINDOWS;C:\\WINDOWS\\System32\\Wbem;C:\\WINDOWS\\System32\\WindowsPowerShell\\v1.0\\;C:\\WINDOWS\\System32\\OpenSSH\\;C:\\Program Files (x86)\\NVIDIA Corporation\\PhysX\\Common;C:\\Users\\kiril\\AppData\\Local\\Microsoft\\WindowsApps;;C:\\Program Files\\JetBrains\\PhpStorm 2024.2.4\\bin;'
    'SystemRoot' => 'C:\\WINDOWS'
    'COMSPEC' => 'C:\\WINDOWS\\system32\\cmd.exe'
    'PATHEXT' => '.COM;.EXE;.BAT;.CMD;.VBS;.VBE;.JS;.JSE;.WSF;.WSH;.MSC'
    'WINDIR' => 'C:\\WINDOWS'
    'SERVER_SIGNATURE' => '<address>Apache/2.4.58 (Win64) OpenSSL/3.1.3 PHP/8.2.12 Server at localhost Port 80</address>
'
    'SERVER_SOFTWARE' => 'Apache/2.4.58 (Win64) OpenSSL/3.1.3 PHP/8.2.12'
    'SERVER_NAME' => 'localhost'
    'SERVER_ADDR' => '::1'
    'SERVER_PORT' => '80'
    'REMOTE_ADDR' => '::1'
    'DOCUMENT_ROOT' => 'C:/xampp/htdocs'
    'REQUEST_SCHEME' => 'http'
    'CONTEXT_PREFIX' => ''
    'CONTEXT_DOCUMENT_ROOT' => 'C:/xampp/htdocs'
    'SERVER_ADMIN' => 'postmaster@localhost'
    'SCRIPT_FILENAME' => 'C:/xampp/htdocs/basic/web/index.php'
    'REMOTE_PORT' => '60587'
    'GATEWAY_INTERFACE' => 'CGI/1.1'
    'SERVER_PROTOCOL' => 'HTTP/1.1'
    'REQUEST_METHOD' => 'GET'
    'QUERY_STRING' => 'r=site%2Fabout'
    'REQUEST_URI' => '/basic/web/index.php?r=site%2Fabout'
    'SCRIPT_NAME' => '/basic/web/index.php'
    'PHP_SELF' => '/basic/web/index.php'
    'REQUEST_TIME_FLOAT' => 1760116649.3208
    'REQUEST_TIME' => 1760116649
]
2025-10-10 19:17:47 [::1][-][-][error][yii\web\HttpException:404] yii\base\InvalidRouteException: Unable to resolve the request "exchange%2request". in C:\xampp\htdocs\basic\vendor\yiisoft\yii2\base\Module.php:564
Stack trace:
#0 C:\xampp\htdocs\basic\vendor\yiisoft\yii2\web\Application.php(103): yii\base\Module->runAction('exchange%2reque...', Array)
#1 C:\xampp\htdocs\basic\vendor\yiisoft\yii2\base\Application.php(387): yii\web\Application->handleRequest(Object(yii\web\Request))
#2 C:\xampp\htdocs\basic\web\index.php(12): yii\base\Application->run()
#3 {main}

Next yii\web\NotFoundHttpException: Page not found. in C:\xampp\htdocs\basic\vendor\yiisoft\yii2\web\Application.php:115
Stack trace:
#0 C:\xampp\htdocs\basic\vendor\yiisoft\yii2\base\Application.php(387): yii\web\Application->handleRequest(Object(yii\web\Request))
#1 C:\xampp\htdocs\basic\web\index.php(12): yii\base\Application->run()
#2 {main}
2025-10-10 19:17:47 [::1][-][-][info][application] $_GET = [
    'r' => 'exchange%2request'
]

$_POST = []

$_FILES = []

$_COOKIE = [
    '_csrf' => '5af4af1b1a855e1560c1fc9610a3a8c61a5a76dceb34ea667249a45a2f4de347a:2:{i:0;s:5:\"_csrf\";i:1;s:32:\"MNWrhp69M9WBIazkN77AGZXbBQ1n2eVX\";}'
    'PHPSESSID' => 'kil3jb2010uh4dpu4bem5eb6pb'
]

$_SESSION = [
    '__flash' => []
]

$_SERVER = [
    'MIBDIRS' => 'C:/xampp/php/extras/mibs'
    'MYSQL_HOME' => '\\xampp\\mysql\\bin'
    'OPENSSL_CONF' => 'C:/xampp/apache/bin/openssl.cnf'
    'PHP_PEAR_SYSCONF_DIR' => '\\xampp\\php'
    'PHPRC' => '\\xampp\\php'
    'TMP' => '\\xampp\\tmp'
    'HTTP_HOST' => 'localhost'
    'HTTP_CONNECTION' => 'keep-alive'
    'HTTP_SEC_CH_UA' => '\"Google Chrome\";v=\"141\", \"Not?A_Brand\";v=\"8\", \"Chromium\";v=\"141\"'
    'HTTP_SEC_CH_UA_MOBILE' => '?0'
    'HTTP_SEC_CH_UA_PLATFORM' => '\"Windows\"'
    'HTTP_UPGRADE_INSECURE_REQUESTS' => '1'
    'HTTP_USER_AGENT' => 'Mozilla/5.0 (Windows NT 10.0; Win64; x64) AppleWebKit/537.36 (KHTML, like Gecko) Chrome/141.0.0.0 Safari/537.36'
    'HTTP_ACCEPT' => 'text/html,application/xhtml+xml,application/xml;q=0.9,image/avif,image/webp,image/apng,*/*;q=0.8,application/signed-exchange;v=b3;q=0.7'
    'HTTP_SEC_FETCH_SITE' => 'none'
    'HTTP_SEC_FETCH_MODE' => 'navigate'
    'HTTP_SEC_FETCH_USER' => '?1'
    'HTTP_SEC_FETCH_DEST' => 'document'
    'HTTP_ACCEPT_ENCODING' => 'gzip, deflate, br, zstd'
    'HTTP_ACCEPT_LANGUAGE' => 'ru-RU,ru;q=0.9,en-US;q=0.8,en;q=0.7'
    'HTTP_COOKIE' => '_csrf=5af4af1b1a855e1560c1fc9610a3a8c61a5a76dceb34ea667249a45a2f4de347a%3A2%3A%7Bi%3A0%3Bs%3A5%3A%22_csrf%22%3Bi%3A1%3Bs%3A32%3A%22MNWrhp69M9WBIazkN77AGZXbBQ1n2eVX%22%3B%7D; PHPSESSID=kil3jb2010uh4dpu4bem5eb6pb'
    'PATH' => 'C:\\Program Files (x86)\\Common Files\\Oracle\\Java\\java8path;C:\\Program Files (x86)\\Common Files\\Oracle\\Java\\javapath;C:\\WINDOWS\\system32;C:\\WINDOWS;C:\\WINDOWS\\System32\\Wbem;C:\\WINDOWS\\System32\\WindowsPowerShell\\v1.0\\;C:\\WINDOWS\\System32\\OpenSSH\\;C:\\Program Files (x86)\\NVIDIA Corporation\\PhysX\\Common;C:\\Users\\kiril\\AppData\\Local\\Microsoft\\WindowsApps;;C:\\Program Files\\JetBrains\\PhpStorm 2024.2.4\\bin;'
    'SystemRoot' => 'C:\\WINDOWS'
    'COMSPEC' => 'C:\\WINDOWS\\system32\\cmd.exe'
    'PATHEXT' => '.COM;.EXE;.BAT;.CMD;.VBS;.VBE;.JS;.JSE;.WSF;.WSH;.MSC'
    'WINDIR' => 'C:\\WINDOWS'
    'SERVER_SIGNATURE' => '<address>Apache/2.4.58 (Win64) OpenSSL/3.1.3 PHP/8.2.12 Server at localhost Port 80</address>
'
    'SERVER_SOFTWARE' => 'Apache/2.4.58 (Win64) OpenSSL/3.1.3 PHP/8.2.12'
    'SERVER_NAME' => 'localhost'
    'SERVER_ADDR' => '::1'
    'SERVER_PORT' => '80'
    'REMOTE_ADDR' => '::1'
    'DOCUMENT_ROOT' => 'C:/xampp/htdocs'
    'REQUEST_SCHEME' => 'http'
    'CONTEXT_PREFIX' => ''
    'CONTEXT_DOCUMENT_ROOT' => 'C:/xampp/htdocs'
    'SERVER_ADMIN' => 'postmaster@localhost'
    'SCRIPT_FILENAME' => 'C:/xampp/htdocs/basic/web/index.php'
    'REMOTE_PORT' => '51211'
    'GATEWAY_INTERFACE' => 'CGI/1.1'
    'SERVER_PROTOCOL' => 'HTTP/1.1'
    'REQUEST_METHOD' => 'GET'
    'QUERY_STRING' => 'r=exchange%2request'
    'REQUEST_URI' => '/basic/web/index.php?r=exchange%2request'
    'SCRIPT_NAME' => '/basic/web/index.php'
    'PHP_SELF' => '/basic/web/index.php'
    'REQUEST_TIME_FLOAT' => 1760116667.2485
    'REQUEST_TIME' => 1760116667
]
2025-10-10 19:17:49 [::1][-][-][error][yii\web\HttpException:404] yii\base\InvalidRouteException: Unable to resolve the request "exchange%2request". in C:\xampp\htdocs\basic\vendor\yiisoft\yii2\base\Module.php:564
Stack trace:
#0 C:\xampp\htdocs\basic\vendor\yiisoft\yii2\web\Application.php(103): yii\base\Module->runAction('exchange%2reque...', Array)
#1 C:\xampp\htdocs\basic\vendor\yiisoft\yii2\base\Application.php(387): yii\web\Application->handleRequest(Object(yii\web\Request))
#2 C:\xampp\htdocs\basic\web\index.php(12): yii\base\Application->run()
#3 {main}

Next yii\web\NotFoundHttpException: Page not found. in C:\xampp\htdocs\basic\vendor\yiisoft\yii2\web\Application.php:115
Stack trace:
#0 C:\xampp\htdocs\basic\vendor\yiisoft\yii2\base\Application.php(387): yii\web\Application->handleRequest(Object(yii\web\Request))
#1 C:\xampp\htdocs\basic\web\index.php(12): yii\base\Application->run()
#2 {main}
2025-10-10 19:17:49 [::1][-][-][info][application] $_GET = [
    'r' => 'exchange%2request'
]

$_POST = []

$_FILES = []

$_COOKIE = [
    '_csrf' => '5af4af1b1a855e1560c1fc9610a3a8c61a5a76dceb34ea667249a45a2f4de347a:2:{i:0;s:5:\"_csrf\";i:1;s:32:\"MNWrhp69M9WBIazkN77AGZXbBQ1n2eVX\";}'
    'PHPSESSID' => 'kil3jb2010uh4dpu4bem5eb6pb'
]

$_SESSION = [
    '__flash' => []
]

$_SERVER = [
    'MIBDIRS' => 'C:/xampp/php/extras/mibs'
    'MYSQL_HOME' => '\\xampp\\mysql\\bin'
    'OPENSSL_CONF' => 'C:/xampp/apache/bin/openssl.cnf'
    'PHP_PEAR_SYSCONF_DIR' => '\\xampp\\php'
    'PHPRC' => '\\xampp\\php'
    'TMP' => '\\xampp\\tmp'
    'HTTP_HOST' => 'localhost'
    'HTTP_CONNECTION' => 'keep-alive'
    'HTTP_CACHE_CONTROL' => 'max-age=0'
    'HTTP_SEC_CH_UA' => '\"Google Chrome\";v=\"141\", \"Not?A_Brand\";v=\"8\", \"Chromium\";v=\"141\"'
    'HTTP_SEC_CH_UA_MOBILE' => '?0'
    'HTTP_SEC_CH_UA_PLATFORM' => '\"Windows\"'
    'HTTP_UPGRADE_INSECURE_REQUESTS' => '1'
    'HTTP_USER_AGENT' => 'Mozilla/5.0 (Windows NT 10.0; Win64; x64) AppleWebKit/537.36 (KHTML, like Gecko) Chrome/141.0.0.0 Safari/537.36'
    'HTTP_ACCEPT' => 'text/html,application/xhtml+xml,application/xml;q=0.9,image/avif,image/webp,image/apng,*/*;q=0.8,application/signed-exchange;v=b3;q=0.7'
    'HTTP_SEC_FETCH_SITE' => 'none'
    'HTTP_SEC_FETCH_MODE' => 'navigate'
    'HTTP_SEC_FETCH_USER' => '?1'
    'HTTP_SEC_FETCH_DEST' => 'document'
    'HTTP_ACCEPT_ENCODING' => 'gzip, deflate, br, zstd'
    'HTTP_ACCEPT_LANGUAGE' => 'ru-RU,ru;q=0.9,en-US;q=0.8,en;q=0.7'
    'HTTP_COOKIE' => '_csrf=5af4af1b1a855e1560c1fc9610a3a8c61a5a76dceb34ea667249a45a2f4de347a%3A2%3A%7Bi%3A0%3Bs%3A5%3A%22_csrf%22%3Bi%3A1%3Bs%3A32%3A%22MNWrhp69M9WBIazkN77AGZXbBQ1n2eVX%22%3B%7D; PHPSESSID=kil3jb2010uh4dpu4bem5eb6pb'
    'PATH' => 'C:\\Program Files (x86)\\Common Files\\Oracle\\Java\\java8path;C:\\Program Files (x86)\\Common Files\\Oracle\\Java\\javapath;C:\\WINDOWS\\system32;C:\\WINDOWS;C:\\WINDOWS\\System32\\Wbem;C:\\WINDOWS\\System32\\WindowsPowerShell\\v1.0\\;C:\\WINDOWS\\System32\\OpenSSH\\;C:\\Program Files (x86)\\NVIDIA Corporation\\PhysX\\Common;C:\\Users\\kiril\\AppData\\Local\\Microsoft\\WindowsApps;;C:\\Program Files\\JetBrains\\PhpStorm 2024.2.4\\bin;'
    'SystemRoot' => 'C:\\WINDOWS'
    'COMSPEC' => 'C:\\WINDOWS\\system32\\cmd.exe'
    'PATHEXT' => '.COM;.EXE;.BAT;.CMD;.VBS;.VBE;.JS;.JSE;.WSF;.WSH;.MSC'
    'WINDIR' => 'C:\\WINDOWS'
    'SERVER_SIGNATURE' => '<address>Apache/2.4.58 (Win64) OpenSSL/3.1.3 PHP/8.2.12 Server at localhost Port 80</address>
'
    'SERVER_SOFTWARE' => 'Apache/2.4.58 (Win64) OpenSSL/3.1.3 PHP/8.2.12'
    'SERVER_NAME' => 'localhost'
    'SERVER_ADDR' => '::1'
    'SERVER_PORT' => '80'
    'REMOTE_ADDR' => '::1'
    'DOCUMENT_ROOT' => 'C:/xampp/htdocs'
    'REQUEST_SCHEME' => 'http'
    'CONTEXT_PREFIX' => ''
    'CONTEXT_DOCUMENT_ROOT' => 'C:/xampp/htdocs'
    'SERVER_ADMIN' => 'postmaster@localhost'
    'SCRIPT_FILENAME' => 'C:/xampp/htdocs/basic/web/index.php'
    'REMOTE_PORT' => '49693'
    'GATEWAY_INTERFACE' => 'CGI/1.1'
    'SERVER_PROTOCOL' => 'HTTP/1.1'
    'REQUEST_METHOD' => 'GET'
    'QUERY_STRING' => 'r=exchange%2request'
    'REQUEST_URI' => '/basic/web/index.php?r=exchange%2request'
    'SCRIPT_NAME' => '/basic/web/index.php'
    'PHP_SELF' => '/basic/web/index.php'
    'REQUEST_TIME_FLOAT' => 1760116669.4028
    'REQUEST_TIME' => 1760116669
]
2025-10-10 19:17:49 [::1][-][-][error][yii\web\HttpException:404] yii\base\InvalidRouteException: Unable to resolve the request "exchange%2request". in C:\xampp\htdocs\basic\vendor\yiisoft\yii2\base\Module.php:564
Stack trace:
#0 C:\xampp\htdocs\basic\vendor\yiisoft\yii2\web\Application.php(103): yii\base\Module->runAction('exchange%2reque...', Array)
#1 C:\xampp\htdocs\basic\vendor\yiisoft\yii2\base\Application.php(387): yii\web\Application->handleRequest(Object(yii\web\Request))
#2 C:\xampp\htdocs\basic\web\index.php(12): yii\base\Application->run()
#3 {main}

Next yii\web\NotFoundHttpException: Page not found. in C:\xampp\htdocs\basic\vendor\yiisoft\yii2\web\Application.php:115
Stack trace:
#0 C:\xampp\htdocs\basic\vendor\yiisoft\yii2\base\Application.php(387): yii\web\Application->handleRequest(Object(yii\web\Request))
#1 C:\xampp\htdocs\basic\web\index.php(12): yii\base\Application->run()
#2 {main}
2025-10-10 19:17:49 [::1][-][-][info][application] $_GET = [
    'r' => 'exchange%2request'
]

$_POST = []

$_FILES = []

$_COOKIE = [
    '_csrf' => '5af4af1b1a855e1560c1fc9610a3a8c61a5a76dceb34ea667249a45a2f4de347a:2:{i:0;s:5:\"_csrf\";i:1;s:32:\"MNWrhp69M9WBIazkN77AGZXbBQ1n2eVX\";}'
    'PHPSESSID' => 'kil3jb2010uh4dpu4bem5eb6pb'
]

$_SESSION = [
    '__flash' => []
]

$_SERVER = [
    'MIBDIRS' => 'C:/xampp/php/extras/mibs'
    'MYSQL_HOME' => '\\xampp\\mysql\\bin'
    'OPENSSL_CONF' => 'C:/xampp/apache/bin/openssl.cnf'
    'PHP_PEAR_SYSCONF_DIR' => '\\xampp\\php'
    'PHPRC' => '\\xampp\\php'
    'TMP' => '\\xampp\\tmp'
    'HTTP_HOST' => 'localhost'
    'HTTP_CONNECTION' => 'keep-alive'
    'HTTP_CACHE_CONTROL' => 'max-age=0'
    'HTTP_SEC_CH_UA' => '\"Google Chrome\";v=\"141\", \"Not?A_Brand\";v=\"8\", \"Chromium\";v=\"141\"'
    'HTTP_SEC_CH_UA_MOBILE' => '?0'
    'HTTP_SEC_CH_UA_PLATFORM' => '\"Windows\"'
    'HTTP_UPGRADE_INSECURE_REQUESTS' => '1'
    'HTTP_USER_AGENT' => 'Mozilla/5.0 (Windows NT 10.0; Win64; x64) AppleWebKit/537.36 (KHTML, like Gecko) Chrome/141.0.0.0 Safari/537.36'
    'HTTP_ACCEPT' => 'text/html,application/xhtml+xml,application/xml;q=0.9,image/avif,image/webp,image/apng,*/*;q=0.8,application/signed-exchange;v=b3;q=0.7'
    'HTTP_SEC_FETCH_SITE' => 'none'
    'HTTP_SEC_FETCH_MODE' => 'navigate'
    'HTTP_SEC_FETCH_USER' => '?1'
    'HTTP_SEC_FETCH_DEST' => 'document'
    'HTTP_ACCEPT_ENCODING' => 'gzip, deflate, br, zstd'
    'HTTP_ACCEPT_LANGUAGE' => 'ru-RU,ru;q=0.9,en-US;q=0.8,en;q=0.7'
    'HTTP_COOKIE' => '_csrf=5af4af1b1a855e1560c1fc9610a3a8c61a5a76dceb34ea667249a45a2f4de347a%3A2%3A%7Bi%3A0%3Bs%3A5%3A%22_csrf%22%3Bi%3A1%3Bs%3A32%3A%22MNWrhp69M9WBIazkN77AGZXbBQ1n2eVX%22%3B%7D; PHPSESSID=kil3jb2010uh4dpu4bem5eb6pb'
    'PATH' => 'C:\\Program Files (x86)\\Common Files\\Oracle\\Java\\java8path;C:\\Program Files (x86)\\Common Files\\Oracle\\Java\\javapath;C:\\WINDOWS\\system32;C:\\WINDOWS;C:\\WINDOWS\\System32\\Wbem;C:\\WINDOWS\\System32\\WindowsPowerShell\\v1.0\\;C:\\WINDOWS\\System32\\OpenSSH\\;C:\\Program Files (x86)\\NVIDIA Corporation\\PhysX\\Common;C:\\Users\\kiril\\AppData\\Local\\Microsoft\\WindowsApps;;C:\\Program Files\\JetBrains\\PhpStorm 2024.2.4\\bin;'
    'SystemRoot' => 'C:\\WINDOWS'
    'COMSPEC' => 'C:\\WINDOWS\\system32\\cmd.exe'
    'PATHEXT' => '.COM;.EXE;.BAT;.CMD;.VBS;.VBE;.JS;.JSE;.WSF;.WSH;.MSC'
    'WINDIR' => 'C:\\WINDOWS'
    'SERVER_SIGNATURE' => '<address>Apache/2.4.58 (Win64) OpenSSL/3.1.3 PHP/8.2.12 Server at localhost Port 80</address>
'
    'SERVER_SOFTWARE' => 'Apache/2.4.58 (Win64) OpenSSL/3.1.3 PHP/8.2.12'
    'SERVER_NAME' => 'localhost'
    'SERVER_ADDR' => '::1'
    'SERVER_PORT' => '80'
    'REMOTE_ADDR' => '::1'
    'DOCUMENT_ROOT' => 'C:/xampp/htdocs'
    'REQUEST_SCHEME' => 'http'
    'CONTEXT_PREFIX' => ''
    'CONTEXT_DOCUMENT_ROOT' => 'C:/xampp/htdocs'
    'SERVER_ADMIN' => 'postmaster@localhost'
    'SCRIPT_FILENAME' => 'C:/xampp/htdocs/basic/web/index.php'
    'REMOTE_PORT' => '52125'
    'GATEWAY_INTERFACE' => 'CGI/1.1'
    'SERVER_PROTOCOL' => 'HTTP/1.1'
    'REQUEST_METHOD' => 'GET'
    'QUERY_STRING' => 'r=exchange%2request'
    'REQUEST_URI' => '/basic/web/index.php?r=exchange%2request'
    'SCRIPT_NAME' => '/basic/web/index.php'
    'PHP_SELF' => '/basic/web/index.php'
    'REQUEST_TIME_FLOAT' => 1760116669.9071
    'REQUEST_TIME' => 1760116669
]
2025-10-10 19:17:50 [::1][-][-][error][yii\web\HttpException:404] yii\base\InvalidRouteException: Unable to resolve the request "exchange%2request". in C:\xampp\htdocs\basic\vendor\yiisoft\yii2\base\Module.php:564
Stack trace:
#0 C:\xampp\htdocs\basic\vendor\yiisoft\yii2\web\Application.php(103): yii\base\Module->runAction('exchange%2reque...', Array)
#1 C:\xampp\htdocs\basic\vendor\yiisoft\yii2\base\Application.php(387): yii\web\Application->handleRequest(Object(yii\web\Request))
#2 C:\xampp\htdocs\basic\web\index.php(12): yii\base\Application->run()
#3 {main}

Next yii\web\NotFoundHttpException: Page not found. in C:\xampp\htdocs\basic\vendor\yiisoft\yii2\web\Application.php:115
Stack trace:
#0 C:\xampp\htdocs\basic\vendor\yiisoft\yii2\base\Application.php(387): yii\web\Application->handleRequest(Object(yii\web\Request))
#1 C:\xampp\htdocs\basic\web\index.php(12): yii\base\Application->run()
#2 {main}
2025-10-10 19:17:50 [::1][-][-][info][application] $_GET = [
    'r' => 'exchange%2request'
]

$_POST = []

$_FILES = []

$_COOKIE = [
    '_csrf' => '5af4af1b1a855e1560c1fc9610a3a8c61a5a76dceb34ea667249a45a2f4de347a:2:{i:0;s:5:\"_csrf\";i:1;s:32:\"MNWrhp69M9WBIazkN77AGZXbBQ1n2eVX\";}'
    'PHPSESSID' => 'kil3jb2010uh4dpu4bem5eb6pb'
]

$_SESSION = [
    '__flash' => []
]

$_SERVER = [
    'MIBDIRS' => 'C:/xampp/php/extras/mibs'
    'MYSQL_HOME' => '\\xampp\\mysql\\bin'
    'OPENSSL_CONF' => 'C:/xampp/apache/bin/openssl.cnf'
    'PHP_PEAR_SYSCONF_DIR' => '\\xampp\\php'
    'PHPRC' => '\\xampp\\php'
    'TMP' => '\\xampp\\tmp'
    'HTTP_HOST' => 'localhost'
    'HTTP_CONNECTION' => 'keep-alive'
    'HTTP_CACHE_CONTROL' => 'max-age=0'
    'HTTP_SEC_CH_UA' => '\"Google Chrome\";v=\"141\", \"Not?A_Brand\";v=\"8\", \"Chromium\";v=\"141\"'
    'HTTP_SEC_CH_UA_MOBILE' => '?0'
    'HTTP_SEC_CH_UA_PLATFORM' => '\"Windows\"'
    'HTTP_UPGRADE_INSECURE_REQUESTS' => '1'
    'HTTP_USER_AGENT' => 'Mozilla/5.0 (Windows NT 10.0; Win64; x64) AppleWebKit/537.36 (KHTML, like Gecko) Chrome/141.0.0.0 Safari/537.36'
    'HTTP_ACCEPT' => 'text/html,application/xhtml+xml,application/xml;q=0.9,image/avif,image/webp,image/apng,*/*;q=0.8,application/signed-exchange;v=b3;q=0.7'
    'HTTP_SEC_FETCH_SITE' => 'none'
    'HTTP_SEC_FETCH_MODE' => 'navigate'
    'HTTP_SEC_FETCH_USER' => '?1'
    'HTTP_SEC_FETCH_DEST' => 'document'
    'HTTP_ACCEPT_ENCODING' => 'gzip, deflate, br, zstd'
    'HTTP_ACCEPT_LANGUAGE' => 'ru-RU,ru;q=0.9,en-US;q=0.8,en;q=0.7'
    'HTTP_COOKIE' => '_csrf=5af4af1b1a855e1560c1fc9610a3a8c61a5a76dceb34ea667249a45a2f4de347a%3A2%3A%7Bi%3A0%3Bs%3A5%3A%22_csrf%22%3Bi%3A1%3Bs%3A32%3A%22MNWrhp69M9WBIazkN77AGZXbBQ1n2eVX%22%3B%7D; PHPSESSID=kil3jb2010uh4dpu4bem5eb6pb'
    'PATH' => 'C:\\Program Files (x86)\\Common Files\\Oracle\\Java\\java8path;C:\\Program Files (x86)\\Common Files\\Oracle\\Java\\javapath;C:\\WINDOWS\\system32;C:\\WINDOWS;C:\\WINDOWS\\System32\\Wbem;C:\\WINDOWS\\System32\\WindowsPowerShell\\v1.0\\;C:\\WINDOWS\\System32\\OpenSSH\\;C:\\Program Files (x86)\\NVIDIA Corporation\\PhysX\\Common;C:\\Users\\kiril\\AppData\\Local\\Microsoft\\WindowsApps;;C:\\Program Files\\JetBrains\\PhpStorm 2024.2.4\\bin;'
    'SystemRoot' => 'C:\\WINDOWS'
    'COMSPEC' => 'C:\\WINDOWS\\system32\\cmd.exe'
    'PATHEXT' => '.COM;.EXE;.BAT;.CMD;.VBS;.VBE;.JS;.JSE;.WSF;.WSH;.MSC'
    'WINDIR' => 'C:\\WINDOWS'
    'SERVER_SIGNATURE' => '<address>Apache/2.4.58 (Win64) OpenSSL/3.1.3 PHP/8.2.12 Server at localhost Port 80</address>
'
    'SERVER_SOFTWARE' => 'Apache/2.4.58 (Win64) OpenSSL/3.1.3 PHP/8.2.12'
    'SERVER_NAME' => 'localhost'
    'SERVER_ADDR' => '::1'
    'SERVER_PORT' => '80'
    'REMOTE_ADDR' => '::1'
    'DOCUMENT_ROOT' => 'C:/xampp/htdocs'
    'REQUEST_SCHEME' => 'http'
    'CONTEXT_PREFIX' => ''
    'CONTEXT_DOCUMENT_ROOT' => 'C:/xampp/htdocs'
    'SERVER_ADMIN' => 'postmaster@localhost'
    'SCRIPT_FILENAME' => 'C:/xampp/htdocs/basic/web/index.php'
    'REMOTE_PORT' => '55768'
    'GATEWAY_INTERFACE' => 'CGI/1.1'
    'SERVER_PROTOCOL' => 'HTTP/1.1'
    'REQUEST_METHOD' => 'GET'
    'QUERY_STRING' => 'r=exchange%2request'
    'REQUEST_URI' => '/basic/web/index.php?r=exchange%2request'
    'SCRIPT_NAME' => '/basic/web/index.php'
    'PHP_SELF' => '/basic/web/index.php'
    'REQUEST_TIME_FLOAT' => 1760116670.2073
    'REQUEST_TIME' => 1760116670
]
2025-10-10 19:17:50 [::1][-][-][error][yii\web\HttpException:404] yii\base\InvalidRouteException: Unable to resolve the request "exchange%2request". in C:\xampp\htdocs\basic\vendor\yiisoft\yii2\base\Module.php:564
Stack trace:
#0 C:\xampp\htdocs\basic\vendor\yiisoft\yii2\web\Application.php(103): yii\base\Module->runAction('exchange%2reque...', Array)
#1 C:\xampp\htdocs\basic\vendor\yiisoft\yii2\base\Application.php(387): yii\web\Application->handleRequest(Object(yii\web\Request))
#2 C:\xampp\htdocs\basic\web\index.php(12): yii\base\Application->run()
#3 {main}

Next yii\web\NotFoundHttpException: Page not found. in C:\xampp\htdocs\basic\vendor\yiisoft\yii2\web\Application.php:115
Stack trace:
#0 C:\xampp\htdocs\basic\vendor\yiisoft\yii2\base\Application.php(387): yii\web\Application->handleRequest(Object(yii\web\Request))
#1 C:\xampp\htdocs\basic\web\index.php(12): yii\base\Application->run()
#2 {main}
2025-10-10 19:17:50 [::1][-][-][info][application] $_GET = [
    'r' => 'exchange%2request'
]

$_POST = []

$_FILES = []

$_COOKIE = [
    '_csrf' => '5af4af1b1a855e1560c1fc9610a3a8c61a5a76dceb34ea667249a45a2f4de347a:2:{i:0;s:5:\"_csrf\";i:1;s:32:\"MNWrhp69M9WBIazkN77AGZXbBQ1n2eVX\";}'
    'PHPSESSID' => 'kil3jb2010uh4dpu4bem5eb6pb'
]

$_SESSION = [
    '__flash' => []
]

$_SERVER = [
    'MIBDIRS' => 'C:/xampp/php/extras/mibs'
    'MYSQL_HOME' => '\\xampp\\mysql\\bin'
    'OPENSSL_CONF' => 'C:/xampp/apache/bin/openssl.cnf'
    'PHP_PEAR_SYSCONF_DIR' => '\\xampp\\php'
    'PHPRC' => '\\xampp\\php'
    'TMP' => '\\xampp\\tmp'
    'HTTP_HOST' => 'localhost'
    'HTTP_CONNECTION' => 'keep-alive'
    'HTTP_CACHE_CONTROL' => 'max-age=0'
    'HTTP_SEC_CH_UA' => '\"Google Chrome\";v=\"141\", \"Not?A_Brand\";v=\"8\", \"Chromium\";v=\"141\"'
    'HTTP_SEC_CH_UA_MOBILE' => '?0'
    'HTTP_SEC_CH_UA_PLATFORM' => '\"Windows\"'
    'HTTP_UPGRADE_INSECURE_REQUESTS' => '1'
    'HTTP_USER_AGENT' => 'Mozilla/5.0 (Windows NT 10.0; Win64; x64) AppleWebKit/537.36 (KHTML, like Gecko) Chrome/141.0.0.0 Safari/537.36'
    'HTTP_ACCEPT' => 'text/html,application/xhtml+xml,application/xml;q=0.9,image/avif,image/webp,image/apng,*/*;q=0.8,application/signed-exchange;v=b3;q=0.7'
    'HTTP_SEC_FETCH_SITE' => 'none'
    'HTTP_SEC_FETCH_MODE' => 'navigate'
    'HTTP_SEC_FETCH_USER' => '?1'
    'HTTP_SEC_FETCH_DEST' => 'document'
    'HTTP_ACCEPT_ENCODING' => 'gzip, deflate, br, zstd'
    'HTTP_ACCEPT_LANGUAGE' => 'ru-RU,ru;q=0.9,en-US;q=0.8,en;q=0.7'
    'HTTP_COOKIE' => '_csrf=5af4af1b1a855e1560c1fc9610a3a8c61a5a76dceb34ea667249a45a2f4de347a%3A2%3A%7Bi%3A0%3Bs%3A5%3A%22_csrf%22%3Bi%3A1%3Bs%3A32%3A%22MNWrhp69M9WBIazkN77AGZXbBQ1n2eVX%22%3B%7D; PHPSESSID=kil3jb2010uh4dpu4bem5eb6pb'
    'PATH' => 'C:\\Program Files (x86)\\Common Files\\Oracle\\Java\\java8path;C:\\Program Files (x86)\\Common Files\\Oracle\\Java\\javapath;C:\\WINDOWS\\system32;C:\\WINDOWS;C:\\WINDOWS\\System32\\Wbem;C:\\WINDOWS\\System32\\WindowsPowerShell\\v1.0\\;C:\\WINDOWS\\System32\\OpenSSH\\;C:\\Program Files (x86)\\NVIDIA Corporation\\PhysX\\Common;C:\\Users\\kiril\\AppData\\Local\\Microsoft\\WindowsApps;;C:\\Program Files\\JetBrains\\PhpStorm 2024.2.4\\bin;'
    'SystemRoot' => 'C:\\WINDOWS'
    'COMSPEC' => 'C:\\WINDOWS\\system32\\cmd.exe'
    'PATHEXT' => '.COM;.EXE;.BAT;.CMD;.VBS;.VBE;.JS;.JSE;.WSF;.WSH;.MSC'
    'WINDIR' => 'C:\\WINDOWS'
    'SERVER_SIGNATURE' => '<address>Apache/2.4.58 (Win64) OpenSSL/3.1.3 PHP/8.2.12 Server at localhost Port 80</address>
'
    'SERVER_SOFTWARE' => 'Apache/2.4.58 (Win64) OpenSSL/3.1.3 PHP/8.2.12'
    'SERVER_NAME' => 'localhost'
    'SERVER_ADDR' => '::1'
    'SERVER_PORT' => '80'
    'REMOTE_ADDR' => '::1'
    'DOCUMENT_ROOT' => 'C:/xampp/htdocs'
    'REQUEST_SCHEME' => 'http'
    'CONTEXT_PREFIX' => ''
    'CONTEXT_DOCUMENT_ROOT' => 'C:/xampp/htdocs'
    'SERVER_ADMIN' => 'postmaster@localhost'
    'SCRIPT_FILENAME' => 'C:/xampp/htdocs/basic/web/index.php'
    'REMOTE_PORT' => '54822'
    'GATEWAY_INTERFACE' => 'CGI/1.1'
    'SERVER_PROTOCOL' => 'HTTP/1.1'
    'REQUEST_METHOD' => 'GET'
    'QUERY_STRING' => 'r=exchange%2request'
    'REQUEST_URI' => '/basic/web/index.php?r=exchange%2request'
    'SCRIPT_NAME' => '/basic/web/index.php'
    'PHP_SELF' => '/basic/web/index.php'
    'REQUEST_TIME_FLOAT' => 1760116670.6414
    'REQUEST_TIME' => 1760116670
]
2025-10-10 19:17:51 [::1][-][-][error][yii\web\HttpException:404] yii\base\InvalidRouteException: Unable to resolve the request: site/about in C:\xampp\htdocs\basic\vendor\yiisoft\yii2\base\Controller.php:155
Stack trace:
#0 C:\xampp\htdocs\basic\vendor\yiisoft\yii2\base\Module.php(555): yii\base\Controller->runAction('about', Array)
#1 C:\xampp\htdocs\basic\vendor\yiisoft\yii2\web\Application.php(103): yii\base\Module->runAction('site/about', Array)
#2 C:\xampp\htdocs\basic\vendor\yiisoft\yii2\base\Application.php(387): yii\web\Application->handleRequest(Object(yii\web\Request))
#3 C:\xampp\htdocs\basic\web\index.php(12): yii\base\Application->run()
#4 {main}

Next yii\web\NotFoundHttpException: Page not found. in C:\xampp\htdocs\basic\vendor\yiisoft\yii2\web\Application.php:115
Stack trace:
#0 C:\xampp\htdocs\basic\vendor\yiisoft\yii2\base\Application.php(387): yii\web\Application->handleRequest(Object(yii\web\Request))
#1 C:\xampp\htdocs\basic\web\index.php(12): yii\base\Application->run()
#2 {main}
2025-10-10 19:17:51 [::1][-][-][info][application] $_GET = [
    'r' => 'site/about'
]

$_POST = []

$_FILES = []

$_COOKIE = [
    '_csrf' => '5af4af1b1a855e1560c1fc9610a3a8c61a5a76dceb34ea667249a45a2f4de347a:2:{i:0;s:5:\"_csrf\";i:1;s:32:\"MNWrhp69M9WBIazkN77AGZXbBQ1n2eVX\";}'
    'PHPSESSID' => 'kil3jb2010uh4dpu4bem5eb6pb'
]

$_SESSION = [
    '__flash' => []
]

$_SERVER = [
    'MIBDIRS' => 'C:/xampp/php/extras/mibs'
    'MYSQL_HOME' => '\\xampp\\mysql\\bin'
    'OPENSSL_CONF' => 'C:/xampp/apache/bin/openssl.cnf'
    'PHP_PEAR_SYSCONF_DIR' => '\\xampp\\php'
    'PHPRC' => '\\xampp\\php'
    'TMP' => '\\xampp\\tmp'
    'HTTP_HOST' => 'localhost'
    'HTTP_CONNECTION' => 'keep-alive'
    'HTTP_SEC_CH_UA' => '\"Google Chrome\";v=\"141\", \"Not?A_Brand\";v=\"8\", \"Chromium\";v=\"141\"'
    'HTTP_SEC_CH_UA_MOBILE' => '?0'
    'HTTP_SEC_CH_UA_PLATFORM' => '\"Windows\"'
    'HTTP_UPGRADE_INSECURE_REQUESTS' => '1'
    'HTTP_USER_AGENT' => 'Mozilla/5.0 (Windows NT 10.0; Win64; x64) AppleWebKit/537.36 (KHTML, like Gecko) Chrome/141.0.0.0 Safari/537.36'
    'HTTP_ACCEPT' => 'text/html,application/xhtml+xml,application/xml;q=0.9,image/avif,image/webp,image/apng,*/*;q=0.8,application/signed-exchange;v=b3;q=0.7'
    'HTTP_SEC_FETCH_SITE' => 'same-origin'
    'HTTP_SEC_FETCH_MODE' => 'navigate'
    'HTTP_SEC_FETCH_DEST' => 'document'
    'HTTP_REFERER' => 'http://localhost/basic/web/index.php'
    'HTTP_ACCEPT_ENCODING' => 'gzip, deflate, br, zstd'
    'HTTP_ACCEPT_LANGUAGE' => 'ru-RU,ru;q=0.9,en-US;q=0.8,en;q=0.7'
    'HTTP_COOKIE' => '_csrf=5af4af1b1a855e1560c1fc9610a3a8c61a5a76dceb34ea667249a45a2f4de347a%3A2%3A%7Bi%3A0%3Bs%3A5%3A%22_csrf%22%3Bi%3A1%3Bs%3A32%3A%22MNWrhp69M9WBIazkN77AGZXbBQ1n2eVX%22%3B%7D; PHPSESSID=kil3jb2010uh4dpu4bem5eb6pb'
    'PATH' => 'C:\\Program Files (x86)\\Common Files\\Oracle\\Java\\java8path;C:\\Program Files (x86)\\Common Files\\Oracle\\Java\\javapath;C:\\WINDOWS\\system32;C:\\WINDOWS;C:\\WINDOWS\\System32\\Wbem;C:\\WINDOWS\\System32\\WindowsPowerShell\\v1.0\\;C:\\WINDOWS\\System32\\OpenSSH\\;C:\\Program Files (x86)\\NVIDIA Corporation\\PhysX\\Common;C:\\Users\\kiril\\AppData\\Local\\Microsoft\\WindowsApps;;C:\\Program Files\\JetBrains\\PhpStorm 2024.2.4\\bin;'
    'SystemRoot' => 'C:\\WINDOWS'
    'COMSPEC' => 'C:\\WINDOWS\\system32\\cmd.exe'
    'PATHEXT' => '.COM;.EXE;.BAT;.CMD;.VBS;.VBE;.JS;.JSE;.WSF;.WSH;.MSC'
    'WINDIR' => 'C:\\WINDOWS'
    'SERVER_SIGNATURE' => '<address>Apache/2.4.58 (Win64) OpenSSL/3.1.3 PHP/8.2.12 Server at localhost Port 80</address>
'
    'SERVER_SOFTWARE' => 'Apache/2.4.58 (Win64) OpenSSL/3.1.3 PHP/8.2.12'
    'SERVER_NAME' => 'localhost'
    'SERVER_ADDR' => '::1'
    'SERVER_PORT' => '80'
    'REMOTE_ADDR' => '::1'
    'DOCUMENT_ROOT' => 'C:/xampp/htdocs'
    'REQUEST_SCHEME' => 'http'
    'CONTEXT_PREFIX' => ''
    'CONTEXT_DOCUMENT_ROOT' => 'C:/xampp/htdocs'
    'SERVER_ADMIN' => 'postmaster@localhost'
    'SCRIPT_FILENAME' => 'C:/xampp/htdocs/basic/web/index.php'
    'REMOTE_PORT' => '64511'
    'GATEWAY_INTERFACE' => 'CGI/1.1'
    'SERVER_PROTOCOL' => 'HTTP/1.1'
    'REQUEST_METHOD' => 'GET'
    'QUERY_STRING' => 'r=site%2Fabout'
    'REQUEST_URI' => '/basic/web/index.php?r=site%2Fabout'
    'SCRIPT_NAME' => '/basic/web/index.php'
    'PHP_SELF' => '/basic/web/index.php'
    'REQUEST_TIME_FLOAT' => 1760116671.3069
    'REQUEST_TIME' => 1760116671
]
2025-10-10 20:30:29 [::1][3][-][error][yii\web\HttpException:404] yii\base\InvalidRouteException: Unable to resolve the request "book/books". in C:\xampp\htdocs\basic\vendor\yiisoft\yii2\base\Module.php:564
Stack trace:
#0 C:\xampp\htdocs\basic\vendor\yiisoft\yii2\web\Application.php(103): yii\base\Module->runAction('book/books', Array)
#1 C:\xampp\htdocs\basic\vendor\yiisoft\yii2\base\Application.php(387): yii\web\Application->handleRequest(Object(yii\web\Request))
#2 C:\xampp\htdocs\basic\web\index.php(12): yii\base\Application->run()
#3 {main}

Next yii\web\NotFoundHttpException: Page not found. in C:\xampp\htdocs\basic\vendor\yiisoft\yii2\web\Application.php:115
Stack trace:
#0 C:\xampp\htdocs\basic\vendor\yiisoft\yii2\base\Application.php(387): yii\web\Application->handleRequest(Object(yii\web\Request))
#1 C:\xampp\htdocs\basic\web\index.php(12): yii\base\Application->run()
#2 {main}
2025-10-10 20:30:29 [::1][3][-][info][application] $_GET = [
    'r' => 'book/books'
]

$_POST = []

$_FILES = []

$_COOKIE = [
    'PHPSESSID' => 'qlrk1f24qeo45f6lspuf3fgohm'
    '_csrf' => '28d134308a61eaaf07466db9e5d383751ebf103ab659fdb436132bb5bab24d55a:2:{i:0;s:5:\"_csrf\";i:1;s:32:\"HSpXiUlr6dEE7HAzhXieY79FSNFD5KFr\";}'
]

$_SESSION = [
    '__flash' => []
    '__id' => 3
    '__authKey' => ''
]

$_SERVER = [
    'MIBDIRS' => 'C:/xampp/php/extras/mibs'
    'MYSQL_HOME' => '\\xampp\\mysql\\bin'
    'OPENSSL_CONF' => 'C:/xampp/apache/bin/openssl.cnf'
    'PHP_PEAR_SYSCONF_DIR' => '\\xampp\\php'
    'PHPRC' => '\\xampp\\php'
    'TMP' => '\\xampp\\tmp'
    'HTTP_HOST' => 'localhost'
    'HTTP_CONNECTION' => 'keep-alive'
    'HTTP_SEC_CH_UA' => '\"Google Chrome\";v=\"141\", \"Not?A_Brand\";v=\"8\", \"Chromium\";v=\"141\"'
    'HTTP_SEC_CH_UA_MOBILE' => '?0'
    'HTTP_SEC_CH_UA_PLATFORM' => '\"Windows\"'
    'HTTP_UPGRADE_INSECURE_REQUESTS' => '1'
    'HTTP_USER_AGENT' => 'Mozilla/5.0 (Windows NT 10.0; Win64; x64) AppleWebKit/537.36 (KHTML, like Gecko) Chrome/141.0.0.0 Safari/537.36'
    'HTTP_ACCEPT' => 'text/html,application/xhtml+xml,application/xml;q=0.9,image/avif,image/webp,image/apng,*/*;q=0.8,application/signed-exchange;v=b3;q=0.7'
    'HTTP_SEC_FETCH_SITE' => 'same-origin'
    'HTTP_SEC_FETCH_MODE' => 'navigate'
    'HTTP_SEC_FETCH_USER' => '?1'
    'HTTP_SEC_FETCH_DEST' => 'document'
    'HTTP_REFERER' => 'http://localhost/basic/web/index.php'
    'HTTP_ACCEPT_ENCODING' => 'gzip, deflate, br, zstd'
    'HTTP_ACCEPT_LANGUAGE' => 'ru-RU,ru;q=0.9,en-US;q=0.8,en;q=0.7'
    'HTTP_COOKIE' => 'PHPSESSID=qlrk1f24qeo45f6lspuf3fgohm; _csrf=28d134308a61eaaf07466db9e5d383751ebf103ab659fdb436132bb5bab24d55a%3A2%3A%7Bi%3A0%3Bs%3A5%3A%22_csrf%22%3Bi%3A1%3Bs%3A32%3A%22HSpXiUlr6dEE7HAzhXieY79FSNFD5KFr%22%3B%7D'
    'PATH' => 'C:\\Program Files (x86)\\Common Files\\Oracle\\Java\\java8path;C:\\Program Files (x86)\\Common Files\\Oracle\\Java\\javapath;C:\\WINDOWS\\system32;C:\\WINDOWS;C:\\WINDOWS\\System32\\Wbem;C:\\WINDOWS\\System32\\WindowsPowerShell\\v1.0\\;C:\\WINDOWS\\System32\\OpenSSH\\;C:\\Program Files (x86)\\NVIDIA Corporation\\PhysX\\Common;C:\\Users\\kiril\\AppData\\Local\\Microsoft\\WindowsApps;;C:\\Program Files\\JetBrains\\PhpStorm 2024.2.4\\bin;'
    'SystemRoot' => 'C:\\WINDOWS'
    'COMSPEC' => 'C:\\WINDOWS\\system32\\cmd.exe'
    'PATHEXT' => '.COM;.EXE;.BAT;.CMD;.VBS;.VBE;.JS;.JSE;.WSF;.WSH;.MSC'
    'WINDIR' => 'C:\\WINDOWS'
    'SERVER_SIGNATURE' => '<address>Apache/2.4.58 (Win64) OpenSSL/3.1.3 PHP/8.2.12 Server at localhost Port 80</address>
'
    'SERVER_SOFTWARE' => 'Apache/2.4.58 (Win64) OpenSSL/3.1.3 PHP/8.2.12'
    'SERVER_NAME' => 'localhost'
    'SERVER_ADDR' => '::1'
    'SERVER_PORT' => '80'
    'REMOTE_ADDR' => '::1'
    'DOCUMENT_ROOT' => 'C:/xampp/htdocs'
    'REQUEST_SCHEME' => 'http'
    'CONTEXT_PREFIX' => ''
    'CONTEXT_DOCUMENT_ROOT' => 'C:/xampp/htdocs'
    'SERVER_ADMIN' => 'postmaster@localhost'
    'SCRIPT_FILENAME' => 'C:/xampp/htdocs/basic/web/index.php'
    'REMOTE_PORT' => '65149'
    'GATEWAY_INTERFACE' => 'CGI/1.1'
    'SERVER_PROTOCOL' => 'HTTP/1.1'
    'REQUEST_METHOD' => 'GET'
    'QUERY_STRING' => 'r=book%2Fbooks'
    'REQUEST_URI' => '/basic/web/index.php?r=book%2Fbooks'
    'SCRIPT_NAME' => '/basic/web/index.php'
    'PHP_SELF' => '/basic/web/index.php'
    'REQUEST_TIME_FLOAT' => 1760121029.1801
    'REQUEST_TIME' => 1760121029
]
2025-10-10 20:34:28 [::1][3][-][error][yii\web\HttpException:404] yii\base\InvalidRouteException: Unable to resolve the request "book/create". in C:\xampp\htdocs\basic\vendor\yiisoft\yii2\base\Module.php:564
Stack trace:
#0 C:\xampp\htdocs\basic\vendor\yiisoft\yii2\web\Application.php(103): yii\base\Module->runAction('book/create', Array)
#1 C:\xampp\htdocs\basic\vendor\yiisoft\yii2\base\Application.php(387): yii\web\Application->handleRequest(Object(yii\web\Request))
#2 C:\xampp\htdocs\basic\web\index.php(12): yii\base\Application->run()
#3 {main}

Next yii\web\NotFoundHttpException: Page not found. in C:\xampp\htdocs\basic\vendor\yiisoft\yii2\web\Application.php:115
Stack trace:
#0 C:\xampp\htdocs\basic\vendor\yiisoft\yii2\base\Application.php(387): yii\web\Application->handleRequest(Object(yii\web\Request))
#1 C:\xampp\htdocs\basic\web\index.php(12): yii\base\Application->run()
#2 {main}
2025-10-10 20:34:28 [::1][3][-][info][application] $_GET = [
    'r' => 'book/create'
]

$_POST = []

$_FILES = []

$_COOKIE = [
    'PHPSESSID' => 'qlrk1f24qeo45f6lspuf3fgohm'
    '_csrf' => '28d134308a61eaaf07466db9e5d383751ebf103ab659fdb436132bb5bab24d55a:2:{i:0;s:5:\"_csrf\";i:1;s:32:\"HSpXiUlr6dEE7HAzhXieY79FSNFD5KFr\";}'
]

$_SESSION = [
    '__flash' => []
    '__id' => 3
    '__authKey' => ''
]

$_SERVER = [
    'MIBDIRS' => 'C:/xampp/php/extras/mibs'
    'MYSQL_HOME' => '\\xampp\\mysql\\bin'
    'OPENSSL_CONF' => 'C:/xampp/apache/bin/openssl.cnf'
    'PHP_PEAR_SYSCONF_DIR' => '\\xampp\\php'
    'PHPRC' => '\\xampp\\php'
    'TMP' => '\\xampp\\tmp'
    'HTTP_HOST' => 'localhost'
    'HTTP_CONNECTION' => 'keep-alive'
    'HTTP_SEC_CH_UA' => '\"Google Chrome\";v=\"141\", \"Not?A_Brand\";v=\"8\", \"Chromium\";v=\"141\"'
    'HTTP_SEC_CH_UA_MOBILE' => '?0'
    'HTTP_SEC_CH_UA_PLATFORM' => '\"Windows\"'
    'HTTP_UPGRADE_INSECURE_REQUESTS' => '1'
    'HTTP_USER_AGENT' => 'Mozilla/5.0 (Windows NT 10.0; Win64; x64) AppleWebKit/537.36 (KHTML, like Gecko) Chrome/141.0.0.0 Safari/537.36'
    'HTTP_ACCEPT' => 'text/html,application/xhtml+xml,application/xml;q=0.9,image/avif,image/webp,image/apng,*/*;q=0.8,application/signed-exchange;v=b3;q=0.7'
    'HTTP_SEC_FETCH_SITE' => 'same-origin'
    'HTTP_SEC_FETCH_MODE' => 'navigate'
    'HTTP_SEC_FETCH_USER' => '?1'
    'HTTP_SEC_FETCH_DEST' => 'document'
    'HTTP_REFERER' => 'http://localhost/basic/web/index.php'
    'HTTP_ACCEPT_ENCODING' => 'gzip, deflate, br, zstd'
    'HTTP_ACCEPT_LANGUAGE' => 'ru-RU,ru;q=0.9,en-US;q=0.8,en;q=0.7'
    'HTTP_COOKIE' => 'PHPSESSID=qlrk1f24qeo45f6lspuf3fgohm; _csrf=28d134308a61eaaf07466db9e5d383751ebf103ab659fdb436132bb5bab24d55a%3A2%3A%7Bi%3A0%3Bs%3A5%3A%22_csrf%22%3Bi%3A1%3Bs%3A32%3A%22HSpXiUlr6dEE7HAzhXieY79FSNFD5KFr%22%3B%7D'
    'PATH' => 'C:\\Program Files (x86)\\Common Files\\Oracle\\Java\\java8path;C:\\Program Files (x86)\\Common Files\\Oracle\\Java\\javapath;C:\\WINDOWS\\system32;C:\\WINDOWS;C:\\WINDOWS\\System32\\Wbem;C:\\WINDOWS\\System32\\WindowsPowerShell\\v1.0\\;C:\\WINDOWS\\System32\\OpenSSH\\;C:\\Program Files (x86)\\NVIDIA Corporation\\PhysX\\Common;C:\\Users\\kiril\\AppData\\Local\\Microsoft\\WindowsApps;;C:\\Program Files\\JetBrains\\PhpStorm 2024.2.4\\bin;'
    'SystemRoot' => 'C:\\WINDOWS'
    'COMSPEC' => 'C:\\WINDOWS\\system32\\cmd.exe'
    'PATHEXT' => '.COM;.EXE;.BAT;.CMD;.VBS;.VBE;.JS;.JSE;.WSF;.WSH;.MSC'
    'WINDIR' => 'C:\\WINDOWS'
    'SERVER_SIGNATURE' => '<address>Apache/2.4.58 (Win64) OpenSSL/3.1.3 PHP/8.2.12 Server at localhost Port 80</address>
'
    'SERVER_SOFTWARE' => 'Apache/2.4.58 (Win64) OpenSSL/3.1.3 PHP/8.2.12'
    'SERVER_NAME' => 'localhost'
    'SERVER_ADDR' => '::1'
    'SERVER_PORT' => '80'
    'REMOTE_ADDR' => '::1'
    'DOCUMENT_ROOT' => 'C:/xampp/htdocs'
    'REQUEST_SCHEME' => 'http'
    'CONTEXT_PREFIX' => ''
    'CONTEXT_DOCUMENT_ROOT' => 'C:/xampp/htdocs'
    'SERVER_ADMIN' => 'postmaster@localhost'
    'SCRIPT_FILENAME' => 'C:/xampp/htdocs/basic/web/index.php'
    'REMOTE_PORT' => '49249'
    'GATEWAY_INTERFACE' => 'CGI/1.1'
    'SERVER_PROTOCOL' => 'HTTP/1.1'
    'REQUEST_METHOD' => 'GET'
    'QUERY_STRING' => 'r=book%2Fcreate'
    'REQUEST_URI' => '/basic/web/index.php?r=book%2Fcreate'
    'SCRIPT_NAME' => '/basic/web/index.php'
    'PHP_SELF' => '/basic/web/index.php'
    'REQUEST_TIME_FLOAT' => 1760121268.813
    'REQUEST_TIME' => 1760121268
]
2025-10-10 20:35:22 [::1][3][qlrk1f24qeo45f6lspuf3fgohm][error][yii\base\ViewNotFoundException] yii\base\ViewNotFoundException: The view file does not exist: C:\xampp\htdocs\basic\views\book\my-books.php in C:\xampp\htdocs\basic\vendor\yiisoft\yii2\base\View.php:234
Stack trace:
#0 C:\xampp\htdocs\basic\vendor\yiisoft\yii2\base\View.php(157): yii\base\View->renderFile('C:\\xampp\\htdocs...', Array, Object(app\controllers\BookController))
#1 C:\xampp\htdocs\basic\vendor\yiisoft\yii2\base\Controller.php(413): yii\base\View->render('my-books', Array, Object(app\controllers\BookController))
#2 C:\xampp\htdocs\basic\controllers\BookController.php(42): yii\base\Controller->render('my-books', Array)
#3 [internal function]: app\controllers\BookController->actionMyBooks()
#4 C:\xampp\htdocs\basic\vendor\yiisoft\yii2\base\InlineAction.php(60): call_user_func_array(Array, Array)
#5 C:\xampp\htdocs\basic\vendor\yiisoft\yii2\base\Controller.php(184): yii\base\InlineAction->runWithParams(Array)
#6 C:\xampp\htdocs\basic\vendor\yiisoft\yii2\base\Module.php(555): yii\base\Controller->runAction('my-books', Array)
#7 C:\xampp\htdocs\basic\vendor\yiisoft\yii2\web\Application.php(103): yii\base\Module->runAction('book/my-books', Array)
#8 C:\xampp\htdocs\basic\vendor\yiisoft\yii2\base\Application.php(387): yii\web\Application->handleRequest(Object(yii\web\Request))
#9 C:\xampp\htdocs\basic\web\index.php(12): yii\base\Application->run()
#10 {main}
2025-10-10 20:35:22 [::1][3][qlrk1f24qeo45f6lspuf3fgohm][info][application] $_GET = [
    'r' => 'book/my-books'
]

$_POST = []

$_FILES = []

$_COOKIE = [
    'PHPSESSID' => 'qlrk1f24qeo45f6lspuf3fgohm'
    '_csrf' => '28d134308a61eaaf07466db9e5d383751ebf103ab659fdb436132bb5bab24d55a:2:{i:0;s:5:\"_csrf\";i:1;s:32:\"HSpXiUlr6dEE7HAzhXieY79FSNFD5KFr\";}'
]

$_SESSION = [
    '__flash' => [
        'success' => -1
    ]
    '__id' => 3
    '__authKey' => ''
    'success' => '  !'
]

$_SERVER = [
    'MIBDIRS' => 'C:/xampp/php/extras/mibs'
    'MYSQL_HOME' => '\\xampp\\mysql\\bin'
    'OPENSSL_CONF' => 'C:/xampp/apache/bin/openssl.cnf'
    'PHP_PEAR_SYSCONF_DIR' => '\\xampp\\php'
    'PHPRC' => '\\xampp\\php'
    'TMP' => '\\xampp\\tmp'
    'HTTP_HOST' => 'localhost'
    'HTTP_CONNECTION' => 'keep-alive'
    'HTTP_CACHE_CONTROL' => 'max-age=0'
    'HTTP_UPGRADE_INSECURE_REQUESTS' => '1'
    'HTTP_USER_AGENT' => 'Mozilla/5.0 (Windows NT 10.0; Win64; x64) AppleWebKit/537.36 (KHTML, like Gecko) Chrome/141.0.0.0 Safari/537.36'
    'HTTP_ACCEPT' => 'text/html,application/xhtml+xml,application/xml;q=0.9,image/avif,image/webp,image/apng,*/*;q=0.8,application/signed-exchange;v=b3;q=0.7'
    'HTTP_SEC_FETCH_SITE' => 'same-origin'
    'HTTP_SEC_FETCH_MODE' => 'navigate'
    'HTTP_SEC_FETCH_USER' => '?1'
    'HTTP_SEC_FETCH_DEST' => 'document'
    'HTTP_SEC_CH_UA' => '\"Google Chrome\";v=\"141\", \"Not?A_Brand\";v=\"8\", \"Chromium\";v=\"141\"'
    'HTTP_SEC_CH_UA_MOBILE' => '?0'
    'HTTP_SEC_CH_UA_PLATFORM' => '\"Windows\"'
    'HTTP_REFERER' => 'http://localhost/basic/web/index.php?r=book%2Fcreate'
    'HTTP_ACCEPT_ENCODING' => 'gzip, deflate, br, zstd'
    'HTTP_ACCEPT_LANGUAGE' => 'ru-RU,ru;q=0.9,en-US;q=0.8,en;q=0.7'
    'HTTP_COOKIE' => 'PHPSESSID=qlrk1f24qeo45f6lspuf3fgohm; _csrf=28d134308a61eaaf07466db9e5d383751ebf103ab659fdb436132bb5bab24d55a%3A2%3A%7Bi%3A0%3Bs%3A5%3A%22_csrf%22%3Bi%3A1%3Bs%3A32%3A%22HSpXiUlr6dEE7HAzhXieY79FSNFD5KFr%22%3B%7D'
    'PATH' => 'C:\\Program Files (x86)\\Common Files\\Oracle\\Java\\java8path;C:\\Program Files (x86)\\Common Files\\Oracle\\Java\\javapath;C:\\WINDOWS\\system32;C:\\WINDOWS;C:\\WINDOWS\\System32\\Wbem;C:\\WINDOWS\\System32\\WindowsPowerShell\\v1.0\\;C:\\WINDOWS\\System32\\OpenSSH\\;C:\\Program Files (x86)\\NVIDIA Corporation\\PhysX\\Common;C:\\Users\\kiril\\AppData\\Local\\Microsoft\\WindowsApps;;C:\\Program Files\\JetBrains\\PhpStorm 2024.2.4\\bin;'
    'SystemRoot' => 'C:\\WINDOWS'
    'COMSPEC' => 'C:\\WINDOWS\\system32\\cmd.exe'
    'PATHEXT' => '.COM;.EXE;.BAT;.CMD;.VBS;.VBE;.JS;.JSE;.WSF;.WSH;.MSC'
    'WINDIR' => 'C:\\WINDOWS'
    'SERVER_SIGNATURE' => '<address>Apache/2.4.58 (Win64) OpenSSL/3.1.3 PHP/8.2.12 Server at localhost Port 80</address>
'
    'SERVER_SOFTWARE' => 'Apache/2.4.58 (Win64) OpenSSL/3.1.3 PHP/8.2.12'
    'SERVER_NAME' => 'localhost'
    'SERVER_ADDR' => '::1'
    'SERVER_PORT' => '80'
    'REMOTE_ADDR' => '::1'
    'DOCUMENT_ROOT' => 'C:/xampp/htdocs'
    'REQUEST_SCHEME' => 'http'
    'CONTEXT_PREFIX' => ''
    'CONTEXT_DOCUMENT_ROOT' => 'C:/xampp/htdocs'
    'SERVER_ADMIN' => 'postmaster@localhost'
    'SCRIPT_FILENAME' => 'C:/xampp/htdocs/basic/web/index.php'
    'REMOTE_PORT' => '65375'
    'GATEWAY_INTERFACE' => 'CGI/1.1'
    'SERVER_PROTOCOL' => 'HTTP/1.1'
    'REQUEST_METHOD' => 'GET'
    'QUERY_STRING' => 'r=book%2Fmy-books'
    'REQUEST_URI' => '/basic/web/index.php?r=book%2Fmy-books'
    'SCRIPT_NAME' => '/basic/web/index.php'
    'PHP_SELF' => '/basic/web/index.php'
    'REQUEST_TIME_FLOAT' => 1760121322.4544
    'REQUEST_TIME' => 1760121322
]
2025-10-10 20:36:08 [::1][3][-][error][yii\web\HttpException:404] yii\base\InvalidRouteException: Unable to resolve the request: book/my-books in C:\xampp\htdocs\basic\vendor\yiisoft\yii2\base\Controller.php:155
Stack trace:
#0 C:\xampp\htdocs\basic\vendor\yiisoft\yii2\base\Module.php(555): yii\base\Controller->runAction('my-books', Array)
#1 C:\xampp\htdocs\basic\vendor\yiisoft\yii2\web\Application.php(103): yii\base\Module->runAction('book/my-books', Array)
#2 C:\xampp\htdocs\basic\vendor\yiisoft\yii2\base\Application.php(387): yii\web\Application->handleRequest(Object(yii\web\Request))
#3 C:\xampp\htdocs\basic\web\index.php(12): yii\base\Application->run()
#4 {main}

Next yii\web\NotFoundHttpException: Page not found. in C:\xampp\htdocs\basic\vendor\yiisoft\yii2\web\Application.php:115
Stack trace:
#0 C:\xampp\htdocs\basic\vendor\yiisoft\yii2\base\Application.php(387): yii\web\Application->handleRequest(Object(yii\web\Request))
#1 C:\xampp\htdocs\basic\web\index.php(12): yii\base\Application->run()
#2 {main}
2025-10-10 20:36:08 [::1][3][-][info][application] $_GET = [
    'r' => 'book/my-books'
]

$_POST = []

$_FILES = []

$_COOKIE = [
    'PHPSESSID' => 'qlrk1f24qeo45f6lspuf3fgohm'
    '_csrf' => '28d134308a61eaaf07466db9e5d383751ebf103ab659fdb436132bb5bab24d55a:2:{i:0;s:5:\"_csrf\";i:1;s:32:\"HSpXiUlr6dEE7HAzhXieY79FSNFD5KFr\";}'
]

$_SESSION = [
    '__flash' => [
        'success' => -1
    ]
    '__id' => 3
    '__authKey' => ''
    'success' => '  !'
]

$_SERVER = [
    'MIBDIRS' => 'C:/xampp/php/extras/mibs'
    'MYSQL_HOME' => '\\xampp\\mysql\\bin'
    'OPENSSL_CONF' => 'C:/xampp/apache/bin/openssl.cnf'
    'PHP_PEAR_SYSCONF_DIR' => '\\xampp\\php'
    'PHPRC' => '\\xampp\\php'
    'TMP' => '\\xampp\\tmp'
    'HTTP_HOST' => 'localhost'
    'HTTP_CONNECTION' => 'keep-alive'
    'HTTP_CACHE_CONTROL' => 'max-age=0'
    'HTTP_UPGRADE_INSECURE_REQUESTS' => '1'
    'HTTP_USER_AGENT' => 'Mozilla/5.0 (Windows NT 10.0; Win64; x64) AppleWebKit/537.36 (KHTML, like Gecko) Chrome/141.0.0.0 Safari/537.36'
    'HTTP_ACCEPT' => 'text/html,application/xhtml+xml,application/xml;q=0.9,image/avif,image/webp,image/apng,*/*;q=0.8,application/signed-exchange;v=b3;q=0.7'
    'HTTP_SEC_FETCH_SITE' => 'same-origin'
    'HTTP_SEC_FETCH_MODE' => 'navigate'
    'HTTP_SEC_FETCH_USER' => '?1'
    'HTTP_SEC_FETCH_DEST' => 'document'
    'HTTP_SEC_CH_UA' => '\"Google Chrome\";v=\"141\", \"Not?A_Brand\";v=\"8\", \"Chromium\";v=\"141\"'
    'HTTP_SEC_CH_UA_MOBILE' => '?0'
    'HTTP_SEC_CH_UA_PLATFORM' => '\"Windows\"'
    'HTTP_REFERER' => 'http://localhost/basic/web/index.php?r=book%2Fcreate'
    'HTTP_ACCEPT_ENCODING' => 'gzip, deflate, br, zstd'
    'HTTP_ACCEPT_LANGUAGE' => 'ru-RU,ru;q=0.9,en-US;q=0.8,en;q=0.7'
    'HTTP_COOKIE' => 'PHPSESSID=qlrk1f24qeo45f6lspuf3fgohm; _csrf=28d134308a61eaaf07466db9e5d383751ebf103ab659fdb436132bb5bab24d55a%3A2%3A%7Bi%3A0%3Bs%3A5%3A%22_csrf%22%3Bi%3A1%3Bs%3A32%3A%22HSpXiUlr6dEE7HAzhXieY79FSNFD5KFr%22%3B%7D'
    'PATH' => 'C:\\Program Files (x86)\\Common Files\\Oracle\\Java\\java8path;C:\\Program Files (x86)\\Common Files\\Oracle\\Java\\javapath;C:\\WINDOWS\\system32;C:\\WINDOWS;C:\\WINDOWS\\System32\\Wbem;C:\\WINDOWS\\System32\\WindowsPowerShell\\v1.0\\;C:\\WINDOWS\\System32\\OpenSSH\\;C:\\Program Files (x86)\\NVIDIA Corporation\\PhysX\\Common;C:\\Users\\kiril\\AppData\\Local\\Microsoft\\WindowsApps;;C:\\Program Files\\JetBrains\\PhpStorm 2024.2.4\\bin;'
    'SystemRoot' => 'C:\\WINDOWS'
    'COMSPEC' => 'C:\\WINDOWS\\system32\\cmd.exe'
    'PATHEXT' => '.COM;.EXE;.BAT;.CMD;.VBS;.VBE;.JS;.JSE;.WSF;.WSH;.MSC'
    'WINDIR' => 'C:\\WINDOWS'
    'SERVER_SIGNATURE' => '<address>Apache/2.4.58 (Win64) OpenSSL/3.1.3 PHP/8.2.12 Server at localhost Port 80</address>
'
    'SERVER_SOFTWARE' => 'Apache/2.4.58 (Win64) OpenSSL/3.1.3 PHP/8.2.12'
    'SERVER_NAME' => 'localhost'
    'SERVER_ADDR' => '::1'
    'SERVER_PORT' => '80'
    'REMOTE_ADDR' => '::1'
    'DOCUMENT_ROOT' => 'C:/xampp/htdocs'
    'REQUEST_SCHEME' => 'http'
    'CONTEXT_PREFIX' => ''
    'CONTEXT_DOCUMENT_ROOT' => 'C:/xampp/htdocs'
    'SERVER_ADMIN' => 'postmaster@localhost'
    'SCRIPT_FILENAME' => 'C:/xampp/htdocs/basic/web/index.php'
    'REMOTE_PORT' => '62206'
    'GATEWAY_INTERFACE' => 'CGI/1.1'
    'SERVER_PROTOCOL' => 'HTTP/1.1'
    'REQUEST_METHOD' => 'GET'
    'QUERY_STRING' => 'r=book%2Fmy-books'
    'REQUEST_URI' => '/basic/web/index.php?r=book%2Fmy-books'
    'SCRIPT_NAME' => '/basic/web/index.php'
    'PHP_SELF' => '/basic/web/index.php'
    'REQUEST_TIME_FLOAT' => 1760121368.506
    'REQUEST_TIME' => 1760121368
]
2025-10-10 21:45:06 [::1][3][-][error][yii\web\HttpException:404] yii\base\InvalidRouteException: Unable to resolve the request: site/about in C:\xampp\htdocs\basic\vendor\yiisoft\yii2\base\Controller.php:155
Stack trace:
#0 C:\xampp\htdocs\basic\vendor\yiisoft\yii2\base\Module.php(555): yii\base\Controller->runAction('about', Array)
#1 C:\xampp\htdocs\basic\vendor\yiisoft\yii2\web\Application.php(103): yii\base\Module->runAction('site/about', Array)
#2 C:\xampp\htdocs\basic\vendor\yiisoft\yii2\base\Application.php(387): yii\web\Application->handleRequest(Object(yii\web\Request))
#3 C:\xampp\htdocs\basic\web\index.php(12): yii\base\Application->run()
#4 {main}

Next yii\web\NotFoundHttpException: Page not found. in C:\xampp\htdocs\basic\vendor\yiisoft\yii2\web\Application.php:115
Stack trace:
#0 C:\xampp\htdocs\basic\vendor\yiisoft\yii2\base\Application.php(387): yii\web\Application->handleRequest(Object(yii\web\Request))
#1 C:\xampp\htdocs\basic\web\index.php(12): yii\base\Application->run()
#2 {main}
2025-10-10 21:45:06 [::1][3][-][info][application] $_GET = [
    'r' => 'site/about'
]

$_POST = []

$_FILES = []

$_COOKIE = [
    'PHPSESSID' => '2macroudftl1pfi2c4jagr1e2n'
    '_csrf' => '5650ed5145534db8dd3d2c74b05792f776061c48ae95c5f1e99f9171dd1f0d88a:2:{i:0;s:5:\"_csrf\";i:1;s:32:\"m1T5xzefSQu4tEaXgZRcI5E0h-rFd7hp\";}'
]

$_SESSION = [
    '__flash' => []
    '__id' => 3
    '__authKey' => ''
]

$_SERVER = [
    'MIBDIRS' => 'C:/xampp/php/extras/mibs'
    'MYSQL_HOME' => '\\xampp\\mysql\\bin'
    'OPENSSL_CONF' => 'C:/xampp/apache/bin/openssl.cnf'
    'PHP_PEAR_SYSCONF_DIR' => '\\xampp\\php'
    'PHPRC' => '\\xampp\\php'
    'TMP' => '\\xampp\\tmp'
    'HTTP_HOST' => 'localhost'
    'HTTP_CONNECTION' => 'keep-alive'
    'HTTP_SEC_CH_UA' => '\"Google Chrome\";v=\"141\", \"Not?A_Brand\";v=\"8\", \"Chromium\";v=\"141\"'
    'HTTP_SEC_CH_UA_MOBILE' => '?0'
    'HTTP_SEC_CH_UA_PLATFORM' => '\"Windows\"'
    'HTTP_UPGRADE_INSECURE_REQUESTS' => '1'
    'HTTP_USER_AGENT' => 'Mozilla/5.0 (Windows NT 10.0; Win64; x64) AppleWebKit/537.36 (KHTML, like Gecko) Chrome/141.0.0.0 Safari/537.36'
    'HTTP_ACCEPT' => 'text/html,application/xhtml+xml,application/xml;q=0.9,image/avif,image/webp,image/apng,*/*;q=0.8,application/signed-exchange;v=b3;q=0.7'
    'HTTP_SEC_FETCH_SITE' => 'same-origin'
    'HTTP_SEC_FETCH_MODE' => 'navigate'
    'HTTP_SEC_FETCH_USER' => '?1'
    'HTTP_SEC_FETCH_DEST' => 'document'
    'HTTP_REFERER' => 'http://localhost/basic/web/index.php'
    'HTTP_ACCEPT_ENCODING' => 'gzip, deflate, br, zstd'
    'HTTP_ACCEPT_LANGUAGE' => 'ru-RU,ru;q=0.9,en-US;q=0.8,en;q=0.7'
    'HTTP_COOKIE' => 'PHPSESSID=2macroudftl1pfi2c4jagr1e2n; _csrf=5650ed5145534db8dd3d2c74b05792f776061c48ae95c5f1e99f9171dd1f0d88a%3A2%3A%7Bi%3A0%3Bs%3A5%3A%22_csrf%22%3Bi%3A1%3Bs%3A32%3A%22m1T5xzefSQu4tEaXgZRcI5E0h-rFd7hp%22%3B%7D'
    'PATH' => 'C:\\Program Files (x86)\\Common Files\\Oracle\\Java\\java8path;C:\\Program Files (x86)\\Common Files\\Oracle\\Java\\javapath;C:\\WINDOWS\\system32;C:\\WINDOWS;C:\\WINDOWS\\System32\\Wbem;C:\\WINDOWS\\System32\\WindowsPowerShell\\v1.0\\;C:\\WINDOWS\\System32\\OpenSSH\\;C:\\Program Files (x86)\\NVIDIA Corporation\\PhysX\\Common;C:\\Users\\kiril\\AppData\\Local\\Microsoft\\WindowsApps;;C:\\Program Files\\JetBrains\\PhpStorm 2024.2.4\\bin;'
    'SystemRoot' => 'C:\\WINDOWS'
    'COMSPEC' => 'C:\\WINDOWS\\system32\\cmd.exe'
    'PATHEXT' => '.COM;.EXE;.BAT;.CMD;.VBS;.VBE;.JS;.JSE;.WSF;.WSH;.MSC'
    'WINDIR' => 'C:\\WINDOWS'
    'SERVER_SIGNATURE' => '<address>Apache/2.4.58 (Win64) OpenSSL/3.1.3 PHP/8.2.12 Server at localhost Port 80</address>
'
    'SERVER_SOFTWARE' => 'Apache/2.4.58 (Win64) OpenSSL/3.1.3 PHP/8.2.12'
    'SERVER_NAME' => 'localhost'
    'SERVER_ADDR' => '::1'
    'SERVER_PORT' => '80'
    'REMOTE_ADDR' => '::1'
    'DOCUMENT_ROOT' => 'C:/xampp/htdocs'
    'REQUEST_SCHEME' => 'http'
    'CONTEXT_PREFIX' => ''
    'CONTEXT_DOCUMENT_ROOT' => 'C:/xampp/htdocs'
    'SERVER_ADMIN' => 'postmaster@localhost'
    'SCRIPT_FILENAME' => 'C:/xampp/htdocs/basic/web/index.php'
    'REMOTE_PORT' => '53382'
    'GATEWAY_INTERFACE' => 'CGI/1.1'
    'SERVER_PROTOCOL' => 'HTTP/1.1'
    'REQUEST_METHOD' => 'GET'
    'QUERY_STRING' => 'r=site%2Fabout'
    'REQUEST_URI' => '/basic/web/index.php?r=site%2Fabout'
    'SCRIPT_NAME' => '/basic/web/index.php'
    'PHP_SELF' => '/basic/web/index.php'
    'REQUEST_TIME_FLOAT' => 1760125506.3193
    'REQUEST_TIME' => 1760125506
]
2025-10-10 21:45:08 [::1][3][-][error][yii\web\HttpException:404] yii\base\InvalidRouteException: Unable to resolve the request: site/contact in C:\xampp\htdocs\basic\vendor\yiisoft\yii2\base\Controller.php:155
Stack trace:
#0 C:\xampp\htdocs\basic\vendor\yiisoft\yii2\base\Module.php(555): yii\base\Controller->runAction('contact', Array)
#1 C:\xampp\htdocs\basic\vendor\yiisoft\yii2\web\Application.php(103): yii\base\Module->runAction('site/contact', Array)
#2 C:\xampp\htdocs\basic\vendor\yiisoft\yii2\base\Application.php(387): yii\web\Application->handleRequest(Object(yii\web\Request))
#3 C:\xampp\htdocs\basic\web\index.php(12): yii\base\Application->run()
#4 {main}

Next yii\web\NotFoundHttpException: Page not found. in C:\xampp\htdocs\basic\vendor\yiisoft\yii2\web\Application.php:115
Stack trace:
#0 C:\xampp\htdocs\basic\vendor\yiisoft\yii2\base\Application.php(387): yii\web\Application->handleRequest(Object(yii\web\Request))
#1 C:\xampp\htdocs\basic\web\index.php(12): yii\base\Application->run()
#2 {main}
2025-10-10 21:45:08 [::1][3][-][info][application] $_GET = [
    'r' => 'site/contact'
]

$_POST = []

$_FILES = []

$_COOKIE = [
    'PHPSESSID' => '2macroudftl1pfi2c4jagr1e2n'
    '_csrf' => '5650ed5145534db8dd3d2c74b05792f776061c48ae95c5f1e99f9171dd1f0d88a:2:{i:0;s:5:\"_csrf\";i:1;s:32:\"m1T5xzefSQu4tEaXgZRcI5E0h-rFd7hp\";}'
]

$_SESSION = [
    '__flash' => []
    '__id' => 3
    '__authKey' => ''
]

$_SERVER = [
    'MIBDIRS' => 'C:/xampp/php/extras/mibs'
    'MYSQL_HOME' => '\\xampp\\mysql\\bin'
    'OPENSSL_CONF' => 'C:/xampp/apache/bin/openssl.cnf'
    'PHP_PEAR_SYSCONF_DIR' => '\\xampp\\php'
    'PHPRC' => '\\xampp\\php'
    'TMP' => '\\xampp\\tmp'
    'HTTP_HOST' => 'localhost'
    'HTTP_CONNECTION' => 'keep-alive'
    'HTTP_SEC_CH_UA' => '\"Google Chrome\";v=\"141\", \"Not?A_Brand\";v=\"8\", \"Chromium\";v=\"141\"'
    'HTTP_SEC_CH_UA_MOBILE' => '?0'
    'HTTP_SEC_CH_UA_PLATFORM' => '\"Windows\"'
    'HTTP_UPGRADE_INSECURE_REQUESTS' => '1'
    'HTTP_USER_AGENT' => 'Mozilla/5.0 (Windows NT 10.0; Win64; x64) AppleWebKit/537.36 (KHTML, like Gecko) Chrome/141.0.0.0 Safari/537.36'
    'HTTP_ACCEPT' => 'text/html,application/xhtml+xml,application/xml;q=0.9,image/avif,image/webp,image/apng,*/*;q=0.8,application/signed-exchange;v=b3;q=0.7'
    'HTTP_SEC_FETCH_SITE' => 'same-origin'
    'HTTP_SEC_FETCH_MODE' => 'navigate'
    'HTTP_SEC_FETCH_USER' => '?1'
    'HTTP_SEC_FETCH_DEST' => 'document'
    'HTTP_REFERER' => 'http://localhost/basic/web/index.php'
    'HTTP_ACCEPT_ENCODING' => 'gzip, deflate, br, zstd'
    'HTTP_ACCEPT_LANGUAGE' => 'ru-RU,ru;q=0.9,en-US;q=0.8,en;q=0.7'
    'HTTP_COOKIE' => 'PHPSESSID=2macroudftl1pfi2c4jagr1e2n; _csrf=5650ed5145534db8dd3d2c74b05792f776061c48ae95c5f1e99f9171dd1f0d88a%3A2%3A%7Bi%3A0%3Bs%3A5%3A%22_csrf%22%3Bi%3A1%3Bs%3A32%3A%22m1T5xzefSQu4tEaXgZRcI5E0h-rFd7hp%22%3B%7D'
    'PATH' => 'C:\\Program Files (x86)\\Common Files\\Oracle\\Java\\java8path;C:\\Program Files (x86)\\Common Files\\Oracle\\Java\\javapath;C:\\WINDOWS\\system32;C:\\WINDOWS;C:\\WINDOWS\\System32\\Wbem;C:\\WINDOWS\\System32\\WindowsPowerShell\\v1.0\\;C:\\WINDOWS\\System32\\OpenSSH\\;C:\\Program Files (x86)\\NVIDIA Corporation\\PhysX\\Common;C:\\Users\\kiril\\AppData\\Local\\Microsoft\\WindowsApps;;C:\\Program Files\\JetBrains\\PhpStorm 2024.2.4\\bin;'
    'SystemRoot' => 'C:\\WINDOWS'
    'COMSPEC' => 'C:\\WINDOWS\\system32\\cmd.exe'
    'PATHEXT' => '.COM;.EXE;.BAT;.CMD;.VBS;.VBE;.JS;.JSE;.WSF;.WSH;.MSC'
    'WINDIR' => 'C:\\WINDOWS'
    'SERVER_SIGNATURE' => '<address>Apache/2.4.58 (Win64) OpenSSL/3.1.3 PHP/8.2.12 Server at localhost Port 80</address>
'
    'SERVER_SOFTWARE' => 'Apache/2.4.58 (Win64) OpenSSL/3.1.3 PHP/8.2.12'
    'SERVER_NAME' => 'localhost'
    'SERVER_ADDR' => '::1'
    'SERVER_PORT' => '80'
    'REMOTE_ADDR' => '::1'
    'DOCUMENT_ROOT' => 'C:/xampp/htdocs'
    'REQUEST_SCHEME' => 'http'
    'CONTEXT_PREFIX' => ''
    'CONTEXT_DOCUMENT_ROOT' => 'C:/xampp/htdocs'
    'SERVER_ADMIN' => 'postmaster@localhost'
    'SCRIPT_FILENAME' => 'C:/xampp/htdocs/basic/web/index.php'
    'REMOTE_PORT' => '55905'
    'GATEWAY_INTERFACE' => 'CGI/1.1'
    'SERVER_PROTOCOL' => 'HTTP/1.1'
    'REQUEST_METHOD' => 'GET'
    'QUERY_STRING' => 'r=site%2Fcontact'
    'REQUEST_URI' => '/basic/web/index.php?r=site%2Fcontact'
    'SCRIPT_NAME' => '/basic/web/index.php'
    'PHP_SELF' => '/basic/web/index.php'
    'REQUEST_TIME_FLOAT' => 1760125508.4393
    'REQUEST_TIME' => 1760125508
]
2025-10-10 21:58:21 [::1][3][2macroudftl1pfi2c4jagr1e2n][error][ParseError] ParseError: syntax error, unexpected token "endif", expecting end of file in C:\xampp\htdocs\basic\views\book\all.php:69
Stack trace:
#0 C:\xampp\htdocs\basic\vendor\yiisoft\yii2\base\View.php(258): yii\base\View->renderPhpFile('C:\\xampp\\htdocs...', Array)
#1 C:\xampp\htdocs\basic\vendor\yiisoft\yii2\base\View.php(157): yii\base\View->renderFile('C:\\xampp\\htdocs...', Array, Object(app\controllers\BookController))
#2 C:\xampp\htdocs\basic\vendor\yiisoft\yii2\base\Controller.php(413): yii\base\View->render('all', Array, Object(app\controllers\BookController))
#3 C:\xampp\htdocs\basic\controllers\BookController.php(79): yii\base\Controller->render('all', Array)
#4 [internal function]: app\controllers\BookController->actionAll()
#5 C:\xampp\htdocs\basic\vendor\yiisoft\yii2\base\InlineAction.php(60): call_user_func_array(Array, Array)
#6 C:\xampp\htdocs\basic\vendor\yiisoft\yii2\base\Controller.php(184): yii\base\InlineAction->runWithParams(Array)
#7 C:\xampp\htdocs\basic\vendor\yiisoft\yii2\base\Module.php(555): yii\base\Controller->runAction('all', Array)
#8 C:\xampp\htdocs\basic\vendor\yiisoft\yii2\web\Application.php(103): yii\base\Module->runAction('book/all', Array)
#9 C:\xampp\htdocs\basic\vendor\yiisoft\yii2\base\Application.php(387): yii\web\Application->handleRequest(Object(yii\web\Request))
#10 C:\xampp\htdocs\basic\web\index.php(12): yii\base\Application->run()
#11 {main}
2025-10-10 21:58:21 [::1][3][2macroudftl1pfi2c4jagr1e2n][info][application] $_GET = [
    'r' => 'book/all'
]

$_POST = []

$_FILES = []

$_COOKIE = [
    'PHPSESSID' => '2macroudftl1pfi2c4jagr1e2n'
    '_csrf' => '5650ed5145534db8dd3d2c74b05792f776061c48ae95c5f1e99f9171dd1f0d88a:2:{i:0;s:5:\"_csrf\";i:1;s:32:\"m1T5xzefSQu4tEaXgZRcI5E0h-rFd7hp\";}'
]

$_SESSION = [
    '__flash' => []
    '__id' => 3
    '__authKey' => ''
]

$_SERVER = [
    'MIBDIRS' => 'C:/xampp/php/extras/mibs'
    'MYSQL_HOME' => '\\xampp\\mysql\\bin'
    'OPENSSL_CONF' => 'C:/xampp/apache/bin/openssl.cnf'
    'PHP_PEAR_SYSCONF_DIR' => '\\xampp\\php'
    'PHPRC' => '\\xampp\\php'
    'TMP' => '\\xampp\\tmp'
    'HTTP_HOST' => 'localhost'
    'HTTP_CONNECTION' => 'keep-alive'
    'HTTP_CACHE_CONTROL' => 'max-age=0'
    'HTTP_SEC_CH_UA' => '\"Google Chrome\";v=\"141\", \"Not?A_Brand\";v=\"8\", \"Chromium\";v=\"141\"'
    'HTTP_SEC_CH_UA_MOBILE' => '?0'
    'HTTP_SEC_CH_UA_PLATFORM' => '\"Windows\"'
    'HTTP_UPGRADE_INSECURE_REQUESTS' => '1'
    'HTTP_USER_AGENT' => 'Mozilla/5.0 (Windows NT 10.0; Win64; x64) AppleWebKit/537.36 (KHTML, like Gecko) Chrome/141.0.0.0 Safari/537.36'
    'HTTP_ACCEPT' => 'text/html,application/xhtml+xml,application/xml;q=0.9,image/avif,image/webp,image/apng,*/*;q=0.8,application/signed-exchange;v=b3;q=0.7'
    'HTTP_SEC_FETCH_SITE' => 'same-origin'
    'HTTP_SEC_FETCH_MODE' => 'navigate'
    'HTTP_SEC_FETCH_USER' => '?1'
    'HTTP_SEC_FETCH_DEST' => 'document'
    'HTTP_REFERER' => 'http://localhost/basic/web/index.php'
    'HTTP_ACCEPT_ENCODING' => 'gzip, deflate, br, zstd'
    'HTTP_ACCEPT_LANGUAGE' => 'ru-RU,ru;q=0.9,en-US;q=0.8,en;q=0.7'
    'HTTP_COOKIE' => 'PHPSESSID=2macroudftl1pfi2c4jagr1e2n; _csrf=5650ed5145534db8dd3d2c74b05792f776061c48ae95c5f1e99f9171dd1f0d88a%3A2%3A%7Bi%3A0%3Bs%3A5%3A%22_csrf%22%3Bi%3A1%3Bs%3A32%3A%22m1T5xzefSQu4tEaXgZRcI5E0h-rFd7hp%22%3B%7D'
    'PATH' => 'C:\\Program Files (x86)\\Common Files\\Oracle\\Java\\java8path;C:\\Program Files (x86)\\Common Files\\Oracle\\Java\\javapath;C:\\WINDOWS\\system32;C:\\WINDOWS;C:\\WINDOWS\\System32\\Wbem;C:\\WINDOWS\\System32\\WindowsPowerShell\\v1.0\\;C:\\WINDOWS\\System32\\OpenSSH\\;C:\\Program Files (x86)\\NVIDIA Corporation\\PhysX\\Common;C:\\Users\\kiril\\AppData\\Local\\Microsoft\\WindowsApps;;C:\\Program Files\\JetBrains\\PhpStorm 2024.2.4\\bin;'
    'SystemRoot' => 'C:\\WINDOWS'
    'COMSPEC' => 'C:\\WINDOWS\\system32\\cmd.exe'
    'PATHEXT' => '.COM;.EXE;.BAT;.CMD;.VBS;.VBE;.JS;.JSE;.WSF;.WSH;.MSC'
    'WINDIR' => 'C:\\WINDOWS'
    'SERVER_SIGNATURE' => '<address>Apache/2.4.58 (Win64) OpenSSL/3.1.3 PHP/8.2.12 Server at localhost Port 80</address>
'
    'SERVER_SOFTWARE' => 'Apache/2.4.58 (Win64) OpenSSL/3.1.3 PHP/8.2.12'
    'SERVER_NAME' => 'localhost'
    'SERVER_ADDR' => '::1'
    'SERVER_PORT' => '80'
    'REMOTE_ADDR' => '::1'
    'DOCUMENT_ROOT' => 'C:/xampp/htdocs'
    'REQUEST_SCHEME' => 'http'
    'CONTEXT_PREFIX' => ''
    'CONTEXT_DOCUMENT_ROOT' => 'C:/xampp/htdocs'
    'SERVER_ADMIN' => 'postmaster@localhost'
    'SCRIPT_FILENAME' => 'C:/xampp/htdocs/basic/web/index.php'
    'REMOTE_PORT' => '51352'
    'GATEWAY_INTERFACE' => 'CGI/1.1'
    'SERVER_PROTOCOL' => 'HTTP/1.1'
    'REQUEST_METHOD' => 'GET'
    'QUERY_STRING' => 'r=book%2Fall'
    'REQUEST_URI' => '/basic/web/index.php?r=book%2Fall'
    'SCRIPT_NAME' => '/basic/web/index.php'
    'PHP_SELF' => '/basic/web/index.php'
    'REQUEST_TIME_FLOAT' => 1760126301.5802
    'REQUEST_TIME' => 1760126301
]
2025-10-10 21:58:26 [::1][3][2macroudftl1pfi2c4jagr1e2n][error][ParseError] ParseError: syntax error, unexpected token "endif", expecting end of file in C:\xampp\htdocs\basic\views\book\all.php:69
Stack trace:
#0 C:\xampp\htdocs\basic\vendor\yiisoft\yii2\base\View.php(258): yii\base\View->renderPhpFile('C:\\xampp\\htdocs...', Array)
#1 C:\xampp\htdocs\basic\vendor\yiisoft\yii2\base\View.php(157): yii\base\View->renderFile('C:\\xampp\\htdocs...', Array, Object(app\controllers\BookController))
#2 C:\xampp\htdocs\basic\vendor\yiisoft\yii2\base\Controller.php(413): yii\base\View->render('all', Array, Object(app\controllers\BookController))
#3 C:\xampp\htdocs\basic\controllers\BookController.php(79): yii\base\Controller->render('all', Array)
#4 [internal function]: app\controllers\BookController->actionAll()
#5 C:\xampp\htdocs\basic\vendor\yiisoft\yii2\base\InlineAction.php(60): call_user_func_array(Array, Array)
#6 C:\xampp\htdocs\basic\vendor\yiisoft\yii2\base\Controller.php(184): yii\base\InlineAction->runWithParams(Array)
#7 C:\xampp\htdocs\basic\vendor\yiisoft\yii2\base\Module.php(555): yii\base\Controller->runAction('all', Array)
#8 C:\xampp\htdocs\basic\vendor\yiisoft\yii2\web\Application.php(103): yii\base\Module->runAction('book/all', Array)
#9 C:\xampp\htdocs\basic\vendor\yiisoft\yii2\base\Application.php(387): yii\web\Application->handleRequest(Object(yii\web\Request))
#10 C:\xampp\htdocs\basic\web\index.php(12): yii\base\Application->run()
#11 {main}
2025-10-10 21:58:26 [::1][3][2macroudftl1pfi2c4jagr1e2n][info][application] $_GET = [
    'r' => 'book/all'
]

$_POST = []

$_FILES = []

$_COOKIE = [
    'PHPSESSID' => '2macroudftl1pfi2c4jagr1e2n'
    '_csrf' => '5650ed5145534db8dd3d2c74b05792f776061c48ae95c5f1e99f9171dd1f0d88a:2:{i:0;s:5:\"_csrf\";i:1;s:32:\"m1T5xzefSQu4tEaXgZRcI5E0h-rFd7hp\";}'
]

$_SESSION = [
    '__flash' => []
    '__id' => 3
    '__authKey' => ''
]

$_SERVER = [
    'MIBDIRS' => 'C:/xampp/php/extras/mibs'
    'MYSQL_HOME' => '\\xampp\\mysql\\bin'
    'OPENSSL_CONF' => 'C:/xampp/apache/bin/openssl.cnf'
    'PHP_PEAR_SYSCONF_DIR' => '\\xampp\\php'
    'PHPRC' => '\\xampp\\php'
    'TMP' => '\\xampp\\tmp'
    'HTTP_HOST' => 'localhost'
    'HTTP_CONNECTION' => 'keep-alive'
    'HTTP_SEC_CH_UA' => '\"Google Chrome\";v=\"141\", \"Not?A_Brand\";v=\"8\", \"Chromium\";v=\"141\"'
    'HTTP_SEC_CH_UA_MOBILE' => '?0'
    'HTTP_SEC_CH_UA_PLATFORM' => '\"Windows\"'
    'HTTP_UPGRADE_INSECURE_REQUESTS' => '1'
    'HTTP_USER_AGENT' => 'Mozilla/5.0 (Windows NT 10.0; Win64; x64) AppleWebKit/537.36 (KHTML, like Gecko) Chrome/141.0.0.0 Safari/537.36'
    'HTTP_ACCEPT' => 'text/html,application/xhtml+xml,application/xml;q=0.9,image/avif,image/webp,image/apng,*/*;q=0.8,application/signed-exchange;v=b3;q=0.7'
    'HTTP_SEC_FETCH_SITE' => 'same-origin'
    'HTTP_SEC_FETCH_MODE' => 'navigate'
    'HTTP_SEC_FETCH_USER' => '?1'
    'HTTP_SEC_FETCH_DEST' => 'document'
    'HTTP_REFERER' => 'http://localhost/basic/web/index.php'
    'HTTP_ACCEPT_ENCODING' => 'gzip, deflate, br, zstd'
    'HTTP_ACCEPT_LANGUAGE' => 'ru-RU,ru;q=0.9,en-US;q=0.8,en;q=0.7'
    'HTTP_COOKIE' => 'PHPSESSID=2macroudftl1pfi2c4jagr1e2n; _csrf=5650ed5145534db8dd3d2c74b05792f776061c48ae95c5f1e99f9171dd1f0d88a%3A2%3A%7Bi%3A0%3Bs%3A5%3A%22_csrf%22%3Bi%3A1%3Bs%3A32%3A%22m1T5xzefSQu4tEaXgZRcI5E0h-rFd7hp%22%3B%7D'
    'PATH' => 'C:\\Program Files (x86)\\Common Files\\Oracle\\Java\\java8path;C:\\Program Files (x86)\\Common Files\\Oracle\\Java\\javapath;C:\\WINDOWS\\system32;C:\\WINDOWS;C:\\WINDOWS\\System32\\Wbem;C:\\WINDOWS\\System32\\WindowsPowerShell\\v1.0\\;C:\\WINDOWS\\System32\\OpenSSH\\;C:\\Program Files (x86)\\NVIDIA Corporation\\PhysX\\Common;C:\\Users\\kiril\\AppData\\Local\\Microsoft\\WindowsApps;;C:\\Program Files\\JetBrains\\PhpStorm 2024.2.4\\bin;'
    'SystemRoot' => 'C:\\WINDOWS'
    'COMSPEC' => 'C:\\WINDOWS\\system32\\cmd.exe'
    'PATHEXT' => '.COM;.EXE;.BAT;.CMD;.VBS;.VBE;.JS;.JSE;.WSF;.WSH;.MSC'
    'WINDIR' => 'C:\\WINDOWS'
    'SERVER_SIGNATURE' => '<address>Apache/2.4.58 (Win64) OpenSSL/3.1.3 PHP/8.2.12 Server at localhost Port 80</address>
'
    'SERVER_SOFTWARE' => 'Apache/2.4.58 (Win64) OpenSSL/3.1.3 PHP/8.2.12'
    'SERVER_NAME' => 'localhost'
    'SERVER_ADDR' => '::1'
    'SERVER_PORT' => '80'
    'REMOTE_ADDR' => '::1'
    'DOCUMENT_ROOT' => 'C:/xampp/htdocs'
    'REQUEST_SCHEME' => 'http'
    'CONTEXT_PREFIX' => ''
    'CONTEXT_DOCUMENT_ROOT' => 'C:/xampp/htdocs'
    'SERVER_ADMIN' => 'postmaster@localhost'
    'SCRIPT_FILENAME' => 'C:/xampp/htdocs/basic/web/index.php'
    'REMOTE_PORT' => '60933'
    'GATEWAY_INTERFACE' => 'CGI/1.1'
    'SERVER_PROTOCOL' => 'HTTP/1.1'
    'REQUEST_METHOD' => 'GET'
    'QUERY_STRING' => 'r=book%2Fall'
    'REQUEST_URI' => '/basic/web/index.php?r=book%2Fall'
    'SCRIPT_NAME' => '/basic/web/index.php'
    'PHP_SELF' => '/basic/web/index.php'
    'REQUEST_TIME_FLOAT' => 1760126306.174
    'REQUEST_TIME' => 1760126306
]
